{"meta": {"format": 3, "version": "7.6.7", "timestamp": "2024-11-23T12:05:09.659225", "branch_coverage": false, "show_contexts": false}, "files": {"src/__init__.py": {"executed_lines": [0], "summary": {"covered_lines": 0, "num_statements": 0, "percent_covered": 100.0, "percent_covered_display": "100", "missing_lines": 0, "excluded_lines": 0}, "missing_lines": [], "excluded_lines": [], "functions": {"": {"executed_lines": [], "summary": {"covered_lines": 0, "num_statements": 0, "percent_covered": 100.0, "percent_covered_display": "100", "missing_lines": 0, "excluded_lines": 0}, "missing_lines": [], "excluded_lines": []}}, "classes": {"": {"executed_lines": [], "summary": {"covered_lines": 0, "num_statements": 0, "percent_covered": 100.0, "percent_covered_display": "100", "missing_lines": 0, "excluded_lines": 0}, "missing_lines": [], "excluded_lines": []}}}, "src/data/__init__.py": {"executed_lines": [0], "summary": {"covered_lines": 0, "num_statements": 0, "percent_covered": 100.0, "percent_covered_display": "100", "missing_lines": 0, "excluded_lines": 0}, "missing_lines": [], "excluded_lines": [], "functions": {"": {"executed_lines": [], "summary": {"covered_lines": 0, "num_statements": 0, "percent_covered": 100.0, "percent_covered_display": "100", "missing_lines": 0, "excluded_lines": 0}, "missing_lines": [], "excluded_lines": []}}, "classes": {"": {"executed_lines": [], "summary": {"covered_lines": 0, "num_statements": 0, "percent_covered": 100.0, "percent_covered_display": "100", "missing_lines": 0, "excluded_lines": 0}, "missing_lines": [], "excluded_lines": []}}}, "src/data/binance_fetcher.py": {"executed_lines": [1, 2, 3, 4, 5, 6, 7, 8, 9, 10, 12, 13, 18, 20, 54, 93, 113, 145, 164, 206, 240], "summary": {"covered_lines": 20, "num_statements": 79, "percent_covered": 25.31645569620253, "percent_covered_display": "25", "missing_lines": 59, "excluded_lines": 0}, "missing_lines": [40, 41, 42, 43, 44, 45, 48, 51, 52, 73, 74, 75, 76, 77, 78, 79, 80, 82, 86, 87, 88, 89, 90, 91, 106, 107, 111, 126, 127, 134, 135, 138, 141, 143, 157, 158, 179, 180, 182, 184, 185, 190, 195, 198, 199, 202, 204, 211, 213, 216, 219, 220, 226, 229, 232, 236, 238, 242, 250], "excluded_lines": [], "functions": {"BinanceFetcher.__init__": {"executed_lines": [], "summary": {"covered_lines": 0, "num_statements": 9, "percent_covered": 0.0, "percent_covered_display": "0", "missing_lines": 9, "excluded_lines": 0}, "missing_lines": [40, 41, 42, 43, 44, 45, 48, 51, 52], "excluded_lines": []}, "BinanceFetcher._download_file": {"executed_lines": [], "summary": {"covered_lines": 0, "num_statements": 15, "percent_covered": 0.0, "percent_covered_display": "0", "missing_lines": 15, "excluded_lines": 0}, "missing_lines": [73, 74, 75, 76, 77, 78, 79, 80, 82, 86, 87, 88, 89, 90, 91], "excluded_lines": []}, "BinanceFetcher._parallel_download": {"executed_lines": [], "summary": {"covered_lines": 0, "num_statements": 3, "percent_covered": 0.0, "percent_covered_display": "0", "missing_lines": 3, "excluded_lines": 0}, "missing_lines": [106, 107, 111], "excluded_lines": []}, "BinanceFetcher._process_klines": {"executed_lines": [], "summary": {"covered_lines": 0, "num_statements": 7, "percent_covered": 0.0, "percent_covered_display": "0", "missing_lines": 7, "excluded_lines": 0}, "missing_lines": [126, 127, 134, 135, 138, 141, 143], "excluded_lines": []}, "BinanceFetcher._save_to_parquet": {"executed_lines": [], "summary": {"covered_lines": 0, "num_statements": 2, "percent_covered": 0.0, "percent_covered_display": "0", "missing_lines": 2, "excluded_lines": 0}, "missing_lines": [157, 158], "excluded_lines": []}, "BinanceFetcher._generate_urls": {"executed_lines": [], "summary": {"covered_lines": 0, "num_statements": 11, "percent_covered": 0.0, "percent_covered_display": "0", "missing_lines": 11, "excluded_lines": 0}, "missing_lines": [179, 180, 182, 184, 185, 190, 195, 198, 199, 202, 204], "excluded_lines": []}, "BinanceFetcher.fetch_data": {"executed_lines": [], "summary": {"covered_lines": 0, "num_statements": 10, "percent_covered": 0.0, "percent_covered_display": "0", "missing_lines": 10, "excluded_lines": 0}, "missing_lines": [211, 213, 216, 219, 220, 226, 229, 232, 236, 238], "excluded_lines": []}, "": {"executed_lines": [1, 2, 3, 4, 5, 6, 7, 8, 9, 10, 12, 13, 18, 20, 54, 93, 113, 145, 164, 206, 240], "summary": {"covered_lines": 20, "num_statements": 22, "percent_covered": 90.9090909090909, "percent_covered_display": "91", "missing_lines": 2, "excluded_lines": 0}, "missing_lines": [242, 250], "excluded_lines": []}}, "classes": {"BinanceFetcher": {"executed_lines": [], "summary": {"covered_lines": 0, "num_statements": 57, "percent_covered": 0.0, "percent_covered_display": "0", "missing_lines": 57, "excluded_lines": 0}, "missing_lines": [40, 41, 42, 43, 44, 45, 48, 51, 52, 73, 74, 75, 76, 77, 78, 79, 80, 82, 86, 87, 88, 89, 90, 91, 106, 107, 111, 126, 127, 134, 135, 138, 141, 143, 157, 158, 179, 180, 182, 184, 185, 190, 195, 198, 199, 202, 204, 211, 213, 216, 219, 220, 226, 229, 232, 236, 238], "excluded_lines": []}, "": {"executed_lines": [1, 2, 3, 4, 5, 6, 7, 8, 9, 10, 12, 13, 18, 20, 54, 93, 113, 145, 164, 206, 240], "summary": {"covered_lines": 20, "num_statements": 22, "percent_covered": 90.9090909090909, "percent_covered_display": "91", "missing_lines": 2, "excluded_lines": 0}, "missing_lines": [242, 250], "excluded_lines": []}}}, "src/data/sentiment_analyzer.py": {"executed_lines": [1, 4, 5, 6, 7, 8, 10, 12, 13, 15, 17, 36, 44, 69, 94, 147], "summary": {"covered_lines": 14, "num_statements": 49, "percent_covered": 28.571428571428573, "percent_covered_display": "29", "missing_lines": 35, "excluded_lines": 0}, "missing_lines": [27, 29, 30, 34, 42, 59, 60, 67, 84, 85, 92, 110, 111, 113, 114, 116, 117, 120, 121, 123, 124, 127, 133, 138, 143, 145, 158, 161, 164, 167, 172, 173, 177, 182, 184], "excluded_lines": [], "functions": {"SentimentAnalyzer.__init__": {"executed_lines": [], "summary": {"covered_lines": 0, "num_statements": 4, "percent_covered": 0.0, "percent_covered_display": "0", "missing_lines": 4, "excluded_lines": 0}, "missing_lines": [27, 29, 30, 34], "excluded_lines": []}, "SentimentAnalyzer._initialize_apis": {"executed_lines": [], "summary": {"covered_lines": 0, "num_statements": 1, "percent_covered": 0.0, "percent_covered_display": "0", "missing_lines": 1, "excluded_lines": 0}, "missing_lines": [42], "excluded_lines": []}, "SentimentAnalyzer.fetch_news_sentiment": {"executed_lines": [], "summary": {"covered_lines": 0, "num_statements": 3, "percent_covered": 0.0, "percent_covered_display": "0", "missing_lines": 3, "excluded_lines": 0}, "missing_lines": [59, 60, 67], "excluded_lines": []}, "SentimentAnalyzer.fetch_social_sentiment": {"executed_lines": [], "summary": {"covered_lines": 0, "num_statements": 3, "percent_covered": 0.0, "percent_covered_display": "0", "missing_lines": 3, "excluded_lines": 0}, "missing_lines": [84, 85, 92], "excluded_lines": []}, "SentimentAnalyzer.aggregate_sentiment": {"executed_lines": [], "summary": {"covered_lines": 0, "num_statements": 15, "percent_covered": 0.0, "percent_covered_display": "0", "missing_lines": 15, "excluded_lines": 0}, "missing_lines": [110, 111, 113, 114, 116, 117, 120, 121, 123, 124, 127, 133, 138, 143, 145], "excluded_lines": []}, "SentimentAnalyzer.calculate_sentiment_features": {"executed_lines": [], "summary": {"covered_lines": 0, "num_statements": 9, "percent_covered": 0.0, "percent_covered_display": "0", "missing_lines": 9, "excluded_lines": 0}, "missing_lines": [158, 161, 164, 167, 172, 173, 177, 182, 184], "excluded_lines": []}, "": {"executed_lines": [1, 4, 5, 6, 7, 8, 10, 12, 13, 15, 17, 36, 44, 69, 94, 147], "summary": {"covered_lines": 14, "num_statements": 14, "percent_covered": 100.0, "percent_covered_display": "100", "missing_lines": 0, "excluded_lines": 0}, "missing_lines": [], "excluded_lines": []}}, "classes": {"SentimentAnalyzer": {"executed_lines": [], "summary": {"covered_lines": 0, "num_statements": 35, "percent_covered": 0.0, "percent_covered_display": "0", "missing_lines": 35, "excluded_lines": 0}, "missing_lines": [27, 29, 30, 34, 42, 59, 60, 67, 84, 85, 92, 110, 111, 113, 114, 116, 117, 120, 121, 123, 124, 127, 133, 138, 143, 145, 158, 161, 164, 167, 172, 173, 177, 182, 184], "excluded_lines": []}, "": {"executed_lines": [1, 4, 5, 6, 7, 8, 10, 12, 13, 15, 17, 36, 44, 69, 94, 147], "summary": {"covered_lines": 14, "num_statements": 14, "percent_covered": 100.0, "percent_covered_display": "100", "missing_lines": 0, "excluded_lines": 0}, "missing_lines": [], "excluded_lines": []}}}, "src/data/stream_fetcher.py": {"executed_lines": [1, 2, 3, 4, 5, 6, 7, 8, 9, 10, 11, 12, 13, 15, 16, 21, 78, 104, 126, 146, 186, 218, 266, 293, 306, 319, 332, 358], "summary": {"covered_lines": 27, "num_statements": 161, "percent_covered": 16.770186335403725, "percent_covered_display": "17", "missing_lines": 134, "excluded_lines": 0}, "missing_lines": [39, 40, 41, 42, 43, 46, 49, 50, 53, 54, 55, 58, 59, 60, 63, 70, 71, 72, 75, 76, 82, 83, 85, 86, 88, 89, 90, 92, 93, 94, 95, 96, 97, 98, 100, 101, 102, 111, 113, 116, 117, 118, 119, 120, 121, 123, 124, 138, 139, 140, 142, 143, 144, 153, 154, 157, 172, 175, 176, 178, 179, 181, 183, 184, 193, 195, 204, 207, 208, 210, 211, 213, 215, 216, 226, 227, 230, 231, 232, 233, 235, 237, 238, 239, 240, 242, 245, 248, 249, 250, 251, 253, 254, 256, 257, 259, 261, 263, 264, 270, 271, 273, 274, 275, 278, 279, 280, 283, 284, 285, 287, 288, 291, 297, 300, 301, 304, 310, 312, 313, 315, 317, 326, 337, 343, 346, 347, 349, 350, 352, 354, 355, 356, 359], "excluded_lines": [], "functions": {"BinanceStreamFetcher.__init__": {"executed_lines": [], "summary": {"covered_lines": 0, "num_statements": 20, "percent_covered": 0.0, "percent_covered_display": "0", "missing_lines": 20, "excluded_lines": 0}, "missing_lines": [39, 40, 41, 42, 43, 46, 49, 50, 53, 54, 55, 58, 59, 60, 63, 70, 71, 72, 75, 76], "excluded_lines": []}, "BinanceStreamFetcher._connect": {"executed_lines": [], "summary": {"covered_lines": 0, "num_statements": 17, "percent_covered": 0.0, "percent_covered_display": "0", "missing_lines": 17, "excluded_lines": 0}, "missing_lines": [82, 83, 85, 86, 88, 89, 90, 92, 93, 94, 95, 96, 97, 98, 100, 101, 102], "excluded_lines": []}, "BinanceStreamFetcher._handle_message": {"executed_lines": [], "summary": {"covered_lines": 0, "num_statements": 10, "percent_covered": 0.0, "percent_covered_display": "0", "missing_lines": 10, "excluded_lines": 0}, "missing_lines": [111, 113, 116, 117, 118, 119, 120, 121, 123, 124], "excluded_lines": []}, "BinanceStreamFetcher._queue_data": {"executed_lines": [], "summary": {"covered_lines": 0, "num_statements": 6, "percent_covered": 0.0, "percent_covered_display": "0", "missing_lines": 6, "excluded_lines": 0}, "missing_lines": [138, 139, 140, 142, 143, 144], "excluded_lines": []}, "BinanceStreamFetcher._process_kline": {"executed_lines": [], "summary": {"covered_lines": 0, "num_statements": 11, "percent_covered": 0.0, "percent_covered_display": "0", "missing_lines": 11, "excluded_lines": 0}, "missing_lines": [153, 154, 157, 172, 175, 176, 178, 179, 181, 183, 184], "excluded_lines": []}, "BinanceStreamFetcher._process_trade": {"executed_lines": [], "summary": {"covered_lines": 0, "num_statements": 10, "percent_covered": 0.0, "percent_covered_display": "0", "missing_lines": 10, "excluded_lines": 0}, "missing_lines": [193, 195, 204, 207, 208, 210, 211, 213, 215, 216], "excluded_lines": []}, "BinanceStreamFetcher._process_depth": {"executed_lines": [], "summary": {"covered_lines": 0, "num_statements": 25, "percent_covered": 0.0, "percent_covered_display": "0", "missing_lines": 25, "excluded_lines": 0}, "missing_lines": [226, 227, 230, 231, 232, 233, 235, 237, 238, 239, 240, 242, 245, 248, 249, 250, 251, 253, 254, 256, 257, 259, 261, 263, 264], "excluded_lines": []}, "BinanceStreamFetcher._process_queues": {"executed_lines": [], "summary": {"covered_lines": 0, "num_statements": 14, "percent_covered": 0.0, "percent_covered_display": "0", "missing_lines": 14, "excluded_lines": 0}, "missing_lines": [270, 271, 273, 274, 275, 278, 279, 280, 283, 284, 285, 287, 288, 291], "excluded_lines": []}, "BinanceStreamFetcher.start": {"executed_lines": [], "summary": {"covered_lines": 0, "num_statements": 4, "percent_covered": 0.0, "percent_covered_display": "0", "missing_lines": 4, "excluded_lines": 0}, "missing_lines": [297, 300, 301, 304], "excluded_lines": []}, "BinanceStreamFetcher.stop": {"executed_lines": [], "summary": {"covered_lines": 0, "num_statements": 5, "percent_covered": 0.0, "percent_covered_display": "0", "missing_lines": 5, "excluded_lines": 0}, "missing_lines": [310, 312, 313, 315, 317], "excluded_lines": []}, "BinanceStreamFetcher.get_current_data": {"executed_lines": [], "summary": {"covered_lines": 0, "num_statements": 1, "percent_covered": 0.0, "percent_covered_display": "0", "missing_lines": 1, "excluded_lines": 0}, "missing_lines": [326], "excluded_lines": []}, "main": {"executed_lines": [], "summary": {"covered_lines": 0, "num_statements": 9, "percent_covered": 0.0, "percent_covered_display": "0", "missing_lines": 9, "excluded_lines": 0}, "missing_lines": [337, 343, 346, 349, 350, 352, 354, 355, 356], "excluded_lines": []}, "main.signal_handler": {"executed_lines": [], "summary": {"covered_lines": 0, "num_statements": 1, "percent_covered": 0.0, "percent_covered_display": "0", "missing_lines": 1, "excluded_lines": 0}, "missing_lines": [347], "excluded_lines": []}, "": {"executed_lines": [1, 2, 3, 4, 5, 6, 7, 8, 9, 10, 11, 12, 13, 15, 16, 21, 78, 104, 126, 146, 186, 218, 266, 293, 306, 319, 332, 358], "summary": {"covered_lines": 27, "num_statements": 28, "percent_covered": 96.42857142857143, "percent_covered_display": "96", "missing_lines": 1, "excluded_lines": 0}, "missing_lines": [359], "excluded_lines": []}}, "classes": {"BinanceStreamFetcher": {"executed_lines": [], "summary": {"covered_lines": 0, "num_statements": 123, "percent_covered": 0.0, "percent_covered_display": "0", "missing_lines": 123, "excluded_lines": 0}, "missing_lines": [39, 40, 41, 42, 43, 46, 49, 50, 53, 54, 55, 58, 59, 60, 63, 70, 71, 72, 75, 76, 82, 83, 85, 86, 88, 89, 90, 92, 93, 94, 95, 96, 97, 98, 100, 101, 102, 111, 113, 116, 117, 118, 119, 120, 121, 123, 124, 138, 139, 140, 142, 143, 144, 153, 154, 157, 172, 175, 176, 178, 179, 181, 183, 184, 193, 195, 204, 207, 208, 210, 211, 213, 215, 216, 226, 227, 230, 231, 232, 233, 235, 237, 238, 239, 240, 242, 245, 248, 249, 250, 251, 253, 254, 256, 257, 259, 261, 263, 264, 270, 271, 273, 274, 275, 278, 279, 280, 283, 284, 285, 287, 288, 291, 297, 300, 301, 304, 310, 312, 313, 315, 317, 326], "excluded_lines": []}, "": {"executed_lines": [1, 2, 3, 4, 5, 6, 7, 8, 9, 10, 11, 12, 13, 15, 16, 21, 78, 104, 126, 146, 186, 218, 266, 293, 306, 319, 332, 358], "summary": {"covered_lines": 27, "num_statements": 38, "percent_covered": 71.05263157894737, "percent_covered_display": "71", "missing_lines": 11, "excluded_lines": 0}, "missing_lines": [337, 343, 346, 347, 349, 350, 352, 354, 355, 356, 359], "excluded_lines": []}}}, "src/evaluation/__init__.py": {"executed_lines": [0], "summary": {"covered_lines": 0, "num_statements": 0, "percent_covered": 100.0, "percent_covered_display": "100", "missing_lines": 0, "excluded_lines": 0}, "missing_lines": [], "excluded_lines": [], "functions": {"": {"executed_lines": [], "summary": {"covered_lines": 0, "num_statements": 0, "percent_covered": 100.0, "percent_covered_display": "100", "missing_lines": 0, "excluded_lines": 0}, "missing_lines": [], "excluded_lines": []}}, "classes": {"": {"executed_lines": [], "summary": {"covered_lines": 0, "num_statements": 0, "percent_covered": 100.0, "percent_covered_display": "100", "missing_lines": 0, "excluded_lines": 0}, "missing_lines": [], "excluded_lines": []}}}, "src/evaluation/enhanced_evaluator.py": {"executed_lines": [1, 6, 7, 8, 9, 11, 12, 13, 14, 15, 16, 17, 19], "summary": {"covered_lines": 12, "num_statements": 196, "percent_covered": 6.122448979591836, "percent_covered_display": "6", "missing_lines": 184, "excluded_lines": 0}, "missing_lines": [21, 23, 25, 26, 27, 28, 29, 30, 31, 32, 33, 34, 35, 37, 38, 40, 41, 42, 43, 44, 45, 46, 48, 54, 68, 69, 70, 72, 74, 92, 94, 96, 99, 103, 105, 107, 122, 125, 126, 129, 132, 133, 136, 137, 141, 142, 143, 144, 147, 148, 149, 150, 151, 156, 157, 161, 162, 163, 165, 169, 174, 175, 176, 177, 181, 183, 198, 201, 202, 203, 206, 207, 212, 213, 216, 218, 220, 235, 236, 238, 241, 242, 243, 246, 247, 248, 249, 252, 253, 254, 255, 258, 259, 260, 262, 263, 264, 265, 266, 267, 268, 270, 271, 272, 273, 275, 277, 292, 295, 296, 299, 300, 303, 304, 307, 308, 309, 311, 313, 331, 334, 335, 342, 345, 346, 347, 350, 353, 356, 358, 368, 381, 384, 385, 386, 387, 388, 391, 392, 393, 396, 397, 401, 404, 405, 406, 409, 410, 411, 414, 415, 417, 418, 421, 422, 423, 424, 425, 427, 429, 430, 431, 433, 435, 450, 451, 454, 455, 456, 457, 458, 461, 462, 463, 464, 465, 468, 469, 470, 471, 473, 474, 475, 477], "excluded_lines": [], "functions": {"EnhancedEvaluator.__init__": {"executed_lines": [], "summary": {"covered_lines": 0, "num_statements": 4, "percent_covered": 0.0, "percent_covered_display": "0", "missing_lines": 4, "excluded_lines": 0}, "missing_lines": [68, 69, 70, 72], "excluded_lines": []}, "EnhancedEvaluator.calculate_returns": {"executed_lines": [], "summary": {"covered_lines": 0, "num_statements": 6, "percent_covered": 0.0, "percent_covered_display": "0", "missing_lines": 6, "excluded_lines": 0}, "missing_lines": [92, 94, 96, 99, 103, 105], "excluded_lines": []}, "EnhancedEvaluator.calculate_metrics": {"executed_lines": [], "summary": {"covered_lines": 0, "num_statements": 29, "percent_covered": 0.0, "percent_covered_display": "0", "missing_lines": 29, "excluded_lines": 0}, "missing_lines": [122, 125, 126, 129, 132, 133, 136, 137, 141, 142, 143, 144, 147, 148, 149, 150, 151, 156, 157, 161, 162, 163, 165, 169, 174, 175, 176, 177, 181], "excluded_lines": []}, "EnhancedEvaluator.calculate_rolling_metrics": {"executed_lines": [], "summary": {"covered_lines": 0, "num_statements": 10, "percent_covered": 0.0, "percent_covered_display": "0", "missing_lines": 10, "excluded_lines": 0}, "missing_lines": [198, 201, 202, 203, 206, 207, 212, 213, 216, 218], "excluded_lines": []}, "EnhancedEvaluator.analyze_trades": {"executed_lines": [], "summary": {"covered_lines": 0, "num_statements": 29, "percent_covered": 0.0, "percent_covered_display": "0", "missing_lines": 29, "excluded_lines": 0}, "missing_lines": [235, 236, 238, 241, 242, 243, 246, 247, 248, 249, 252, 253, 254, 255, 258, 259, 260, 262, 263, 264, 265, 266, 267, 268, 270, 271, 272, 273, 275], "excluded_lines": []}, "EnhancedEvaluator.calculate_risk_metrics": {"executed_lines": [], "summary": {"covered_lines": 0, "num_statements": 11, "percent_covered": 0.0, "percent_covered_display": "0", "missing_lines": 11, "excluded_lines": 0}, "missing_lines": [292, 295, 296, 299, 300, 303, 304, 307, 308, 309, 311], "excluded_lines": []}, "EnhancedEvaluator.evaluate": {"executed_lines": [], "summary": {"covered_lines": 0, "num_statements": 11, "percent_covered": 0.0, "percent_covered_display": "0", "missing_lines": 11, "excluded_lines": 0}, "missing_lines": [331, 334, 335, 342, 345, 346, 347, 350, 353, 356, 358], "excluded_lines": []}, "EnhancedEvaluator.plot_results": {"executed_lines": [], "summary": {"covered_lines": 0, "num_statements": 32, "percent_covered": 0.0, "percent_covered_display": "0", "missing_lines": 32, "excluded_lines": 0}, "missing_lines": [381, 384, 385, 386, 387, 388, 391, 392, 393, 396, 397, 401, 404, 405, 406, 409, 410, 411, 414, 415, 417, 418, 421, 422, 423, 424, 425, 427, 429, 430, 431, 433], "excluded_lines": []}, "EnhancedEvaluator.generate_report": {"executed_lines": [], "summary": {"covered_lines": 0, "num_statements": 20, "percent_covered": 0.0, "percent_covered_display": "0", "missing_lines": 20, "excluded_lines": 0}, "missing_lines": [450, 451, 454, 455, 456, 457, 458, 461, 462, 463, 464, 465, 468, 469, 470, 471, 473, 474, 475, 477], "excluded_lines": []}, "": {"executed_lines": [1, 6, 7, 8, 9, 11, 12, 13, 14, 15, 16, 17, 19], "summary": {"covered_lines": 12, "num_statements": 44, "percent_covered": 27.272727272727273, "percent_covered_display": "27", "missing_lines": 32, "excluded_lines": 0}, "missing_lines": [21, 23, 25, 26, 27, 28, 29, 30, 31, 32, 33, 34, 35, 37, 38, 40, 41, 42, 43, 44, 45, 46, 48, 54, 74, 107, 183, 220, 277, 313, 368, 435], "excluded_lines": []}}, "classes": {"EvaluationMetric": {"executed_lines": [], "summary": {"covered_lines": 0, "num_statements": 0, "percent_covered": 100.0, "percent_covered_display": "100", "missing_lines": 0, "excluded_lines": 0}, "missing_lines": [], "excluded_lines": []}, "PerformanceMetrics": {"executed_lines": [], "summary": {"covered_lines": 0, "num_statements": 0, "percent_covered": 100.0, "percent_covered_display": "100", "missing_lines": 0, "excluded_lines": 0}, "missing_lines": [], "excluded_lines": []}, "EnhancedEvaluator": {"executed_lines": [], "summary": {"covered_lines": 0, "num_statements": 152, "percent_covered": 0.0, "percent_covered_display": "0", "missing_lines": 152, "excluded_lines": 0}, "missing_lines": [68, 69, 70, 72, 92, 94, 96, 99, 103, 105, 122, 125, 126, 129, 132, 133, 136, 137, 141, 142, 143, 144, 147, 148, 149, 150, 151, 156, 157, 161, 162, 163, 165, 169, 174, 175, 176, 177, 181, 198, 201, 202, 203, 206, 207, 212, 213, 216, 218, 235, 236, 238, 241, 242, 243, 246, 247, 248, 249, 252, 253, 254, 255, 258, 259, 260, 262, 263, 264, 265, 266, 267, 268, 270, 271, 272, 273, 275, 292, 295, 296, 299, 300, 303, 304, 307, 308, 309, 311, 331, 334, 335, 342, 345, 346, 347, 350, 353, 356, 358, 381, 384, 385, 386, 387, 388, 391, 392, 393, 396, 397, 401, 404, 405, 406, 409, 410, 411, 414, 415, 417, 418, 421, 422, 423, 424, 425, 427, 429, 430, 431, 433, 450, 451, 454, 455, 456, 457, 458, 461, 462, 463, 464, 465, 468, 469, 470, 471, 473, 474, 475, 477], "excluded_lines": []}, "": {"executed_lines": [1, 6, 7, 8, 9, 11, 12, 13, 14, 15, 16, 17, 19], "summary": {"covered_lines": 12, "num_statements": 44, "percent_covered": 27.272727272727273, "percent_covered_display": "27", "missing_lines": 32, "excluded_lines": 0}, "missing_lines": [21, 23, 25, 26, 27, 28, 29, 30, 31, 32, 33, 34, 35, 37, 38, 40, 41, 42, 43, 44, 45, 46, 48, 54, 74, 107, 183, 220, 277, 313, 368, 435], "excluded_lines": []}}}, "src/evaluation/evaluator.py": {"executed_lines": [], "summary": {"covered_lines": 0, "num_statements": 121, "percent_covered": 0.0, "percent_covered_display": "0", "missing_lines": 121, "excluded_lines": 0}, "missing_lines": [1, 2, 3, 4, 5, 6, 7, 8, 9, 10, 11, 12, 14, 19, 37, 38, 39, 40, 41, 44, 47, 48, 51, 52, 53, 54, 56, 74, 75, 78, 79, 80, 81, 84, 85, 88, 89, 90, 91, 92, 95, 96, 99, 100, 101, 104, 105, 106, 109, 110, 113, 131, 133, 148, 149, 150, 151, 152, 153, 155, 160, 161, 162, 163, 166, 177, 183, 184, 190, 196, 202, 203, 204, 208, 210, 216, 223, 224, 230, 239, 248, 256, 259, 260, 262, 264, 271, 274, 275, 276, 279, 286, 288, 291, 292, 293, 296, 297, 300, 301, 304, 308, 313, 316, 317, 318, 321, 324, 331, 333, 334, 335, 337, 339, 341, 344, 347, 352, 355, 361, 368], "excluded_lines": [], "functions": {"Evaluator.__init__": {"executed_lines": [], "summary": {"covered_lines": 0, "num_statements": 12, "percent_covered": 0.0, "percent_covered_display": "0", "missing_lines": 12, "excluded_lines": 0}, "missing_lines": [37, 38, 39, 40, 41, 44, 47, 48, 51, 52, 53, 54], "excluded_lines": []}, "Evaluator.calculate_metrics": {"executed_lines": [], "summary": {"covered_lines": 0, "num_statements": 25, "percent_covered": 0.0, "percent_covered_display": "0", "missing_lines": 25, "excluded_lines": 0}, "missing_lines": [74, 75, 78, 79, 80, 81, 84, 85, 88, 89, 90, 91, 92, 95, 96, 99, 100, 101, 104, 105, 106, 109, 110, 113, 131], "excluded_lines": []}, "Evaluator._max_consecutive": {"executed_lines": [], "summary": {"covered_lines": 0, "num_statements": 6, "percent_covered": 0.0, "percent_covered_display": "0", "missing_lines": 6, "excluded_lines": 0}, "missing_lines": [148, 149, 150, 151, 152, 153], "excluded_lines": []}, "Evaluator.create_visualizations": {"executed_lines": [], "summary": {"covered_lines": 0, "num_statements": 25, "percent_covered": 0.0, "percent_covered_display": "0", "missing_lines": 25, "excluded_lines": 0}, "missing_lines": [160, 161, 162, 163, 166, 177, 183, 184, 190, 196, 202, 203, 204, 208, 210, 216, 223, 224, 230, 239, 248, 256, 259, 260, 262], "excluded_lines": []}, "Evaluator.backtest": {"executed_lines": [], "summary": {"covered_lines": 0, "num_statements": 27, "percent_covered": 0.0, "percent_covered_display": "0", "missing_lines": 27, "excluded_lines": 0}, "missing_lines": [271, 274, 275, 276, 279, 286, 288, 291, 292, 293, 296, 297, 300, 301, 304, 308, 313, 316, 317, 318, 321, 324, 331, 333, 334, 335, 337], "excluded_lines": []}, "": {"executed_lines": [], "summary": {"covered_lines": 0, "num_statements": 26, "percent_covered": 0.0, "percent_covered_display": "0", "missing_lines": 26, "excluded_lines": 0}, "missing_lines": [1, 2, 3, 4, 5, 6, 7, 8, 9, 10, 11, 12, 14, 19, 56, 133, 155, 264, 339, 341, 344, 347, 352, 355, 361, 368], "excluded_lines": []}}, "classes": {"Evaluator": {"executed_lines": [], "summary": {"covered_lines": 0, "num_statements": 95, "percent_covered": 0.0, "percent_covered_display": "0", "missing_lines": 95, "excluded_lines": 0}, "missing_lines": [37, 38, 39, 40, 41, 44, 47, 48, 51, 52, 53, 54, 74, 75, 78, 79, 80, 81, 84, 85, 88, 89, 90, 91, 92, 95, 96, 99, 100, 101, 104, 105, 106, 109, 110, 113, 131, 148, 149, 150, 151, 152, 153, 160, 161, 162, 163, 166, 177, 183, 184, 190, 196, 202, 203, 204, 208, 210, 216, 223, 224, 230, 239, 248, 256, 259, 260, 262, 271, 274, 275, 276, 279, 286, 288, 291, 292, 293, 296, 297, 300, 301, 304, 308, 313, 316, 317, 318, 321, 324, 331, 333, 334, 335, 337], "excluded_lines": []}, "": {"executed_lines": [], "summary": {"covered_lines": 0, "num_statements": 26, "percent_covered": 0.0, "percent_covered_display": "0", "missing_lines": 26, "excluded_lines": 0}, "missing_lines": [1, 2, 3, 4, 5, 6, 7, 8, 9, 10, 11, 12, 14, 19, 56, 133, 155, 264, 339, 341, 344, 347, 352, 355, 361, 368], "excluded_lines": []}}}, "src/features/__init__.py": {"executed_lines": [0], "summary": {"covered_lines": 0, "num_statements": 0, "percent_covered": 100.0, "percent_covered_display": "100", "missing_lines": 0, "excluded_lines": 0}, "missing_lines": [], "excluded_lines": [], "functions": {"": {"executed_lines": [], "summary": {"covered_lines": 0, "num_statements": 0, "percent_covered": 100.0, "percent_covered_display": "100", "missing_lines": 0, "excluded_lines": 0}, "missing_lines": [], "excluded_lines": []}}, "classes": {"": {"executed_lines": [], "summary": {"covered_lines": 0, "num_statements": 0, "percent_covered": 100.0, "percent_covered_display": "100", "missing_lines": 0, "excluded_lines": 0}, "missing_lines": [], "excluded_lines": []}}}, "src/features/feature_engineering.py": {"executed_lines": [1, 4, 5, 6, 7, 8, 9, 10, 11, 12, 13, 14, 16, 17, 23, 57, 69, 117, 151, 188, 227, 295, 328], "summary": {"covered_lines": 21, "num_statements": 131, "percent_covered": 16.03053435114504, "percent_covered_display": "16", "missing_lines": 110, "excluded_lines": 0}, "missing_lines": [39, 40, 41, 42, 45, 48, 49, 52, 55, 64, 66, 67, 84, 85, 87, 90, 92, 93, 94, 98, 101, 102, 103, 107, 108, 111, 115, 130, 131, 133, 136, 140, 146, 147, 149, 164, 165, 167, 170, 171, 172, 173, 174, 175, 176, 179, 180, 181, 182, 183, 184, 186, 201, 202, 204, 205, 208, 210, 212, 221, 222, 223, 225, 240, 241, 243, 245, 247, 248, 251, 256, 262, 269, 272, 275, 276, 279, 287, 289, 291, 292, 293, 312, 313, 316, 317, 320, 326, 332, 334, 336, 341, 346, 348, 354, 357, 367, 369, 370, 372, 375, 378, 381, 386, 387, 393, 394, 396, 397, 398], "excluded_lines": [], "functions": {"FeatureEngineer.__init__": {"executed_lines": [], "summary": {"covered_lines": 0, "num_statements": 9, "percent_covered": 0.0, "percent_covered_display": "0", "missing_lines": 9, "excluded_lines": 0}, "missing_lines": [39, 40, 41, 42, 45, 48, 49, 52, 55], "excluded_lines": []}, "FeatureEngineer._load_data": {"executed_lines": [], "summary": {"covered_lines": 0, "num_statements": 3, "percent_covered": 0.0, "percent_covered_display": "0", "missing_lines": 3, "excluded_lines": 0}, "missing_lines": [64, 66, 67], "excluded_lines": []}, "FeatureEngineer._calculate_statistical_features": {"executed_lines": [], "summary": {"covered_lines": 0, "num_statements": 15, "percent_covered": 0.0, "percent_covered_display": "0", "missing_lines": 15, "excluded_lines": 0}, "missing_lines": [84, 85, 87, 90, 92, 93, 94, 98, 101, 102, 103, 107, 108, 111, 115], "excluded_lines": []}, "FeatureEngineer._calculate_orderbook_features": {"executed_lines": [], "summary": {"covered_lines": 0, "num_statements": 8, "percent_covered": 0.0, "percent_covered_display": "0", "missing_lines": 8, "excluded_lines": 0}, "missing_lines": [130, 131, 133, 136, 140, 146, 147, 149], "excluded_lines": []}, "FeatureEngineer._calculate_time_features": {"executed_lines": [], "summary": {"covered_lines": 0, "num_statements": 17, "percent_covered": 0.0, "percent_covered_display": "0", "missing_lines": 17, "excluded_lines": 0}, "missing_lines": [164, 165, 167, 170, 171, 172, 173, 174, 175, 176, 179, 180, 181, 182, 183, 184, 186], "excluded_lines": []}, "FeatureEngineer._calculate_technical_indicators": {"executed_lines": [], "summary": {"covered_lines": 0, "num_statements": 11, "percent_covered": 0.0, "percent_covered_display": "0", "missing_lines": 11, "excluded_lines": 0}, "missing_lines": [201, 202, 204, 205, 208, 210, 212, 221, 222, 223, 225], "excluded_lines": []}, "FeatureEngineer._calculate_sentiment_features": {"executed_lines": [], "summary": {"covered_lines": 0, "num_statements": 19, "percent_covered": 0.0, "percent_covered_display": "0", "missing_lines": 19, "excluded_lines": 0}, "missing_lines": [240, 241, 243, 245, 247, 248, 251, 256, 262, 269, 272, 275, 276, 279, 287, 289, 291, 292, 293], "excluded_lines": []}, "FeatureEngineer._parallel_feature_calculation": {"executed_lines": [], "summary": {"covered_lines": 0, "num_statements": 6, "percent_covered": 0.0, "percent_covered_display": "0", "missing_lines": 6, "excluded_lines": 0}, "missing_lines": [312, 313, 316, 317, 320, 326], "excluded_lines": []}, "FeatureEngineer.generate_features": {"executed_lines": [], "summary": {"covered_lines": 0, "num_statements": 22, "percent_covered": 0.0, "percent_covered_display": "0", "missing_lines": 22, "excluded_lines": 0}, "missing_lines": [332, 334, 336, 341, 346, 348, 354, 357, 367, 369, 370, 372, 375, 378, 381, 386, 387, 393, 394, 396, 397, 398], "excluded_lines": []}, "": {"executed_lines": [1, 4, 5, 6, 7, 8, 9, 10, 11, 12, 13, 14, 16, 17, 23, 57, 69, 117, 151, 188, 227, 295, 328], "summary": {"covered_lines": 21, "num_statements": 21, "percent_covered": 100.0, "percent_covered_display": "100", "missing_lines": 0, "excluded_lines": 0}, "missing_lines": [], "excluded_lines": []}}, "classes": {"FeatureEngineer": {"executed_lines": [], "summary": {"covered_lines": 0, "num_statements": 110, "percent_covered": 0.0, "percent_covered_display": "0", "missing_lines": 110, "excluded_lines": 0}, "missing_lines": [39, 40, 41, 42, 45, 48, 49, 52, 55, 64, 66, 67, 84, 85, 87, 90, 92, 93, 94, 98, 101, 102, 103, 107, 108, 111, 115, 130, 131, 133, 136, 140, 146, 147, 149, 164, 165, 167, 170, 171, 172, 173, 174, 175, 176, 179, 180, 181, 182, 183, 184, 186, 201, 202, 204, 205, 208, 210, 212, 221, 222, 223, 225, 240, 241, 243, 245, 247, 248, 251, 256, 262, 269, 272, 275, 276, 279, 287, 289, 291, 292, 293, 312, 313, 316, 317, 320, 326, 332, 334, 336, 341, 346, 348, 354, 357, 367, 369, 370, 372, 375, 378, 381, 386, 387, 393, 394, 396, 397, 398], "excluded_lines": []}, "": {"executed_lines": [1, 4, 5, 6, 7, 8, 9, 10, 11, 12, 13, 14, 16, 17, 23, 57, 69, 117, 151, 188, 227, 295, 328], "summary": {"covered_lines": 21, "num_statements": 21, "percent_covered": 100.0, "percent_covered_display": "100", "missing_lines": 0, "excluded_lines": 0}, "missing_lines": [], "excluded_lines": []}}}, "src/main.py": {"executed_lines": [], "summary": {"covered_lines": 0, "num_statements": 91, "percent_covered": 0.0, "percent_covered_display": "0", "missing_lines": 91, "excluded_lines": 0}, "missing_lines": [1, 2, 3, 4, 5, 6, 7, 9, 10, 11, 12, 13, 15, 25, 27, 28, 31, 34, 37, 38, 41, 44, 45, 47, 48, 50, 52, 62, 63, 64, 66, 74, 76, 83, 84, 86, 94, 97, 102, 108, 109, 111, 123, 126, 129, 130, 133, 134, 135, 137, 139, 157, 160, 168, 177, 183, 184, 186, 201, 203, 209, 211, 212, 213, 215, 217, 222, 223, 225, 227, 230, 233, 234, 236, 237, 239, 242, 245, 249, 251, 253, 256, 262, 264, 266, 268, 270, 271, 272, 274, 275], "excluded_lines": [], "functions": {"setup_logging": {"executed_lines": [], "summary": {"covered_lines": 0, "num_statements": 13, "percent_covered": 0.0, "percent_covered_display": "0", "missing_lines": 13, "excluded_lines": 0}, "missing_lines": [25, 27, 28, 31, 34, 37, 38, 41, 44, 45, 47, 48, 50], "excluded_lines": []}, "load_config": {"executed_lines": [], "summary": {"covered_lines": 0, "num_statements": 3, "percent_covered": 0.0, "percent_covered_display": "0", "missing_lines": 3, "excluded_lines": 0}, "missing_lines": [62, 63, 64], "excluded_lines": []}, "download_data": {"executed_lines": [], "summary": {"covered_lines": 0, "num_statements": 4, "percent_covered": 0.0, "percent_covered_display": "0", "missing_lines": 4, "excluded_lines": 0}, "missing_lines": [74, 76, 83, 84], "excluded_lines": []}, "process_features": {"executed_lines": [], "summary": {"covered_lines": 0, "num_statements": 5, "percent_covered": 0.0, "percent_covered_display": "0", "missing_lines": 5, "excluded_lines": 0}, "missing_lines": [94, 97, 102, 108, 109], "excluded_lines": []}, "prepare_datasets": {"executed_lines": [], "summary": {"covered_lines": 0, "num_statements": 8, "percent_covered": 0.0, "percent_covered_display": "0", "missing_lines": 8, "excluded_lines": 0}, "missing_lines": [123, 126, 129, 130, 133, 134, 135, 137], "excluded_lines": []}, "train_model": {"executed_lines": [], "summary": {"covered_lines": 0, "num_statements": 6, "percent_covered": 0.0, "percent_covered_display": "0", "missing_lines": 6, "excluded_lines": 0}, "missing_lines": [157, 160, 168, 177, 183, 184], "excluded_lines": []}, "evaluate_model": {"executed_lines": [], "summary": {"covered_lines": 0, "num_statements": 7, "percent_covered": 0.0, "percent_covered_display": "0", "missing_lines": 7, "excluded_lines": 0}, "missing_lines": [201, 203, 209, 211, 212, 213, 215], "excluded_lines": []}, "main": {"executed_lines": [], "summary": {"covered_lines": 0, "num_statements": 23, "percent_covered": 0.0, "percent_covered_display": "0", "missing_lines": 23, "excluded_lines": 0}, "missing_lines": [222, 223, 225, 227, 230, 233, 234, 236, 237, 239, 242, 245, 249, 251, 253, 256, 262, 264, 266, 268, 270, 271, 272], "excluded_lines": []}, "": {"executed_lines": [], "summary": {"covered_lines": 0, "num_statements": 22, "percent_covered": 0.0, "percent_covered_display": "0", "missing_lines": 22, "excluded_lines": 0}, "missing_lines": [1, 2, 3, 4, 5, 6, 7, 9, 10, 11, 12, 13, 15, 52, 66, 86, 111, 139, 186, 217, 274, 275], "excluded_lines": []}}, "classes": {"": {"executed_lines": [], "summary": {"covered_lines": 0, "num_statements": 91, "percent_covered": 0.0, "percent_covered_display": "0", "missing_lines": 91, "excluded_lines": 0}, "missing_lines": [1, 2, 3, 4, 5, 6, 7, 9, 10, 11, 12, 13, 15, 25, 27, 28, 31, 34, 37, 38, 41, 44, 45, 47, 48, 50, 52, 62, 63, 64, 66, 74, 76, 83, 84, 86, 94, 97, 102, 108, 109, 111, 123, 126, 129, 130, 133, 134, 135, 137, 139, 157, 160, 168, 177, 183, 184, 186, 201, 203, 209, 211, 212, 213, 215, 217, 222, 223, 225, 227, 230, 233, 234, 236, 237, 239, 242, 245, 249, 251, 253, 256, 262, 264, 266, 268, 270, 271, 272, 274, 275], "excluded_lines": []}}}, "src/models/__init__.py": {"executed_lines": [0], "summary": {"covered_lines": 0, "num_statements": 0, "percent_covered": 100.0, "percent_covered_display": "100", "missing_lines": 0, "excluded_lines": 0}, "missing_lines": [], "excluded_lines": [], "functions": {"": {"executed_lines": [], "summary": {"covered_lines": 0, "num_statements": 0, "percent_covered": 100.0, "percent_covered_display": "100", "missing_lines": 0, "excluded_lines": 0}, "missing_lines": [], "excluded_lines": []}}, "classes": {"": {"executed_lines": [], "summary": {"covered_lines": 0, "num_statements": 0, "percent_covered": 100.0, "percent_covered_display": "100", "missing_lines": 0, "excluded_lines": 0}, "missing_lines": [], "excluded_lines": []}}}, "src/models/base_model.py": {"executed_lines": [1, 2, 3, 4, 5, 6, 7, 8, 10, 11, 14, 33, 68, 69, 72, 104, 120, 121, 124, 158, 185, 186, 189, 238, 269, 286, 301], "summary": {"covered_lines": 23, "num_statements": 105, "percent_covered": 21.904761904761905, "percent_covered_display": "22", "missing_lines": 82, "excluded_lines": 0}, "missing_lines": [21, 22, 23, 26, 27, 28, 30, 31, 38, 41, 42, 43, 46, 47, 48, 51, 53, 54, 56, 57, 60, 63, 64, 66, 80, 82, 83, 86, 95, 102, 110, 113, 116, 118, 131, 133, 134, 135, 138, 147, 163, 164, 167, 168, 171, 172, 177, 178, 181, 183, 199, 202, 203, 207, 210, 216, 223, 232, 235, 236, 254, 257, 258, 259, 262, 265, 267, 279, 280, 284, 296, 297, 298, 299, 303, 312, 313, 314, 315, 317, 318, 319], "excluded_lines": [], "functions": {"AttentionLayer.__init__": {"executed_lines": [], "summary": {"covered_lines": 0, "num_statements": 8, "percent_covered": 0.0, "percent_covered_display": "0", "missing_lines": 8, "excluded_lines": 0}, "missing_lines": [21, 22, 23, 26, 27, 28, 30, 31], "excluded_lines": []}, "AttentionLayer.forward": {"executed_lines": [], "summary": {"covered_lines": 0, "num_statements": 16, "percent_covered": 0.0, "percent_covered_display": "0", "missing_lines": 16, "excluded_lines": 0}, "missing_lines": [38, 41, 42, 43, 46, 47, 48, 51, 53, 54, 56, 57, 60, 63, 64, 66], "excluded_lines": []}, "TemporalFusionEncoder.__init__": {"executed_lines": [], "summary": {"covered_lines": 0, "num_statements": 6, "percent_covered": 0.0, "percent_covered_display": "0", "missing_lines": 6, "excluded_lines": 0}, "missing_lines": [80, 82, 83, 86, 95, 102], "excluded_lines": []}, "TemporalFusionEncoder.forward": {"executed_lines": [], "summary": {"covered_lines": 0, "num_statements": 4, "percent_covered": 0.0, "percent_covered_display": "0", "missing_lines": 4, "excluded_lines": 0}, "missing_lines": [110, 113, 116, 118], "excluded_lines": []}, "HierarchicalPolicy.__init__": {"executed_lines": [], "summary": {"covered_lines": 0, "num_statements": 6, "percent_covered": 0.0, "percent_covered_display": "0", "missing_lines": 6, "excluded_lines": 0}, "missing_lines": [131, 133, 134, 135, 138, 147], "excluded_lines": []}, "HierarchicalPolicy.forward": {"executed_lines": [], "summary": {"covered_lines": 0, "num_statements": 10, "percent_covered": 0.0, "percent_covered_display": "0", "missing_lines": 10, "excluded_lines": 0}, "missing_lines": [163, 164, 167, 168, 171, 172, 177, 178, 181, 183], "excluded_lines": []}, "BaseModel.__init__": {"executed_lines": [], "summary": {"covered_lines": 0, "num_statements": 10, "percent_covered": 0.0, "percent_covered_display": "0", "missing_lines": 10, "excluded_lines": 0}, "missing_lines": [199, 202, 203, 207, 210, 216, 223, 232, 235, 236], "excluded_lines": []}, "BaseModel.forward": {"executed_lines": [], "summary": {"covered_lines": 0, "num_statements": 7, "percent_covered": 0.0, "percent_covered_display": "0", "missing_lines": 7, "excluded_lines": 0}, "missing_lines": [254, 257, 258, 259, 262, 265, 267], "excluded_lines": []}, "BaseModel.save": {"executed_lines": [], "summary": {"covered_lines": 0, "num_statements": 3, "percent_covered": 0.0, "percent_covered_display": "0", "missing_lines": 3, "excluded_lines": 0}, "missing_lines": [279, 280, 284], "excluded_lines": []}, "BaseModel.load": {"executed_lines": [], "summary": {"covered_lines": 0, "num_statements": 4, "percent_covered": 0.0, "percent_covered_display": "0", "missing_lines": 4, "excluded_lines": 0}, "missing_lines": [296, 297, 298, 299], "excluded_lines": []}, "": {"executed_lines": [1, 2, 3, 4, 5, 6, 7, 8, 10, 11, 14, 33, 68, 69, 72, 104, 120, 121, 124, 158, 185, 186, 189, 238, 269, 286, 301], "summary": {"covered_lines": 23, "num_statements": 31, "percent_covered": 74.19354838709677, "percent_covered_display": "74", "missing_lines": 8, "excluded_lines": 0}, "missing_lines": [303, 312, 313, 314, 315, 317, 318, 319], "excluded_lines": []}}, "classes": {"AttentionLayer": {"executed_lines": [], "summary": {"covered_lines": 0, "num_statements": 24, "percent_covered": 0.0, "percent_covered_display": "0", "missing_lines": 24, "excluded_lines": 0}, "missing_lines": [21, 22, 23, 26, 27, 28, 30, 31, 38, 41, 42, 43, 46, 47, 48, 51, 53, 54, 56, 57, 60, 63, 64, 66], "excluded_lines": []}, "TemporalFusionEncoder": {"executed_lines": [], "summary": {"covered_lines": 0, "num_statements": 10, "percent_covered": 0.0, "percent_covered_display": "0", "missing_lines": 10, "excluded_lines": 0}, "missing_lines": [80, 82, 83, 86, 95, 102, 110, 113, 116, 118], "excluded_lines": []}, "HierarchicalPolicy": {"executed_lines": [], "summary": {"covered_lines": 0, "num_statements": 16, "percent_covered": 0.0, "percent_covered_display": "0", "missing_lines": 16, "excluded_lines": 0}, "missing_lines": [131, 133, 134, 135, 138, 147, 163, 164, 167, 168, 171, 172, 177, 178, 181, 183], "excluded_lines": []}, "BaseModel": {"executed_lines": [], "summary": {"covered_lines": 0, "num_statements": 24, "percent_covered": 0.0, "percent_covered_display": "0", "missing_lines": 24, "excluded_lines": 0}, "missing_lines": [199, 202, 203, 207, 210, 216, 223, 232, 235, 236, 254, 257, 258, 259, 262, 265, 267, 279, 280, 284, 296, 297, 298, 299], "excluded_lines": []}, "": {"executed_lines": [1, 2, 3, 4, 5, 6, 7, 8, 10, 11, 14, 33, 68, 69, 72, 104, 120, 121, 124, 158, 185, 186, 189, 238, 269, 286, 301], "summary": {"covered_lines": 23, "num_statements": 31, "percent_covered": 74.19354838709677, "percent_covered_display": "74", "missing_lines": 8, "excluded_lines": 0}, "missing_lines": [303, 312, 313, 314, 315, 317, 318, 319], "excluded_lines": []}}}, "src/models/ensemble_learner.py": {"executed_lines": [1, 6, 7, 8, 10, 11, 12, 13, 14, 16, 17], "summary": {"covered_lines": 10, "num_statements": 142, "percent_covered": 7.042253521126761, "percent_covered_display": "7", "missing_lines": 132, "excluded_lines": 0}, "missing_lines": [19, 21, 24, 25, 27, 29, 30, 32, 34, 40, 56, 57, 58, 59, 61, 65, 71, 72, 73, 75, 77, 79, 80, 81, 82, 84, 86, 92, 94, 96, 99, 100, 103, 104, 105, 107, 109, 115, 131, 132, 133, 134, 135, 137, 141, 143, 145, 146, 147, 148, 150, 152, 158, 159, 161, 163, 164, 167, 168, 171, 172, 173, 174, 177, 178, 181, 184, 185, 186, 188, 190, 195, 211, 212, 213, 214, 216, 220, 225, 227, 228, 229, 230, 232, 234, 236, 237, 239, 246, 247, 248, 249, 252, 255, 258, 263, 265, 270, 284, 285, 286, 288, 290, 294, 296, 298, 299, 300, 301, 302, 303, 305, 306, 307, 309, 315, 318, 319, 320, 321, 322, 325, 326, 327, 330, 331, 333, 338, 356, 363, 364, 366], "excluded_lines": [], "functions": {"EnsembleModel.predict": {"executed_lines": [], "summary": {"covered_lines": 0, "num_statements": 1, "percent_covered": 0.0, "percent_covered_display": "0", "missing_lines": 1, "excluded_lines": 0}, "missing_lines": [27], "excluded_lines": []}, "EnsembleModel.update": {"executed_lines": [], "summary": {"covered_lines": 0, "num_statements": 1, "percent_covered": 0.0, "percent_covered_display": "0", "missing_lines": 1, "excluded_lines": 0}, "missing_lines": [32], "excluded_lines": []}, "BaggingEnsemble.__init__": {"executed_lines": [], "summary": {"covered_lines": 0, "num_statements": 5, "percent_covered": 0.0, "percent_covered_display": "0", "missing_lines": 5, "excluded_lines": 0}, "missing_lines": [56, 57, 58, 59, 61], "excluded_lines": []}, "BaggingEnsemble.bootstrap_sample": {"executed_lines": [], "summary": {"covered_lines": 0, "num_statements": 3, "percent_covered": 0.0, "percent_covered_display": "0", "missing_lines": 3, "excluded_lines": 0}, "missing_lines": [71, 72, 73], "excluded_lines": []}, "BaggingEnsemble.predict": {"executed_lines": [], "summary": {"covered_lines": 0, "num_statements": 6, "percent_covered": 0.0, "percent_covered_display": "0", "missing_lines": 6, "excluded_lines": 0}, "missing_lines": [77, 79, 80, 81, 82, 84], "excluded_lines": []}, "BaggingEnsemble.update": {"executed_lines": [], "summary": {"covered_lines": 0, "num_statements": 9, "percent_covered": 0.0, "percent_covered_display": "0", "missing_lines": 9, "excluded_lines": 0}, "missing_lines": [92, 94, 96, 99, 100, 103, 104, 105, 107], "excluded_lines": []}, "BoostingEnsemble.__init__": {"executed_lines": [], "summary": {"covered_lines": 0, "num_statements": 6, "percent_covered": 0.0, "percent_covered_display": "0", "missing_lines": 6, "excluded_lines": 0}, "missing_lines": [131, 132, 133, 134, 135, 137], "excluded_lines": []}, "BoostingEnsemble.predict": {"executed_lines": [], "summary": {"covered_lines": 0, "num_statements": 6, "percent_covered": 0.0, "percent_covered_display": "0", "missing_lines": 6, "excluded_lines": 0}, "missing_lines": [143, 145, 146, 147, 148, 150], "excluded_lines": []}, "BoostingEnsemble.update": {"executed_lines": [], "summary": {"covered_lines": 0, "num_statements": 18, "percent_covered": 0.0, "percent_covered_display": "0", "missing_lines": 18, "excluded_lines": 0}, "missing_lines": [158, 159, 161, 163, 164, 167, 168, 171, 172, 173, 174, 177, 178, 181, 184, 185, 186, 188], "excluded_lines": []}, "StackingEnsemble.__init__": {"executed_lines": [], "summary": {"covered_lines": 0, "num_statements": 5, "percent_covered": 0.0, "percent_covered_display": "0", "missing_lines": 5, "excluded_lines": 0}, "missing_lines": [211, 212, 213, 214, 216], "excluded_lines": []}, "StackingEnsemble.get_meta_features": {"executed_lines": [], "summary": {"covered_lines": 0, "num_statements": 6, "percent_covered": 0.0, "percent_covered_display": "0", "missing_lines": 6, "excluded_lines": 0}, "missing_lines": [225, 227, 228, 229, 230, 232], "excluded_lines": []}, "StackingEnsemble.predict": {"executed_lines": [], "summary": {"covered_lines": 0, "num_statements": 2, "percent_covered": 0.0, "percent_covered_display": "0", "missing_lines": 2, "excluded_lines": 0}, "missing_lines": [236, 237], "excluded_lines": []}, "StackingEnsemble.update": {"executed_lines": [], "summary": {"covered_lines": 0, "num_statements": 8, "percent_covered": 0.0, "percent_covered_display": "0", "missing_lines": 8, "excluded_lines": 0}, "missing_lines": [246, 247, 248, 249, 252, 255, 258, 263], "excluded_lines": []}, "VotingEnsemble.__init__": {"executed_lines": [], "summary": {"covered_lines": 0, "num_statements": 5, "percent_covered": 0.0, "percent_covered_display": "0", "missing_lines": 5, "excluded_lines": 0}, "missing_lines": [284, 285, 286, 288, 290], "excluded_lines": []}, "VotingEnsemble.predict": {"executed_lines": [], "summary": {"covered_lines": 0, "num_statements": 10, "percent_covered": 0.0, "percent_covered_display": "0", "missing_lines": 10, "excluded_lines": 0}, "missing_lines": [296, 298, 299, 300, 301, 302, 303, 305, 306, 307], "excluded_lines": []}, "VotingEnsemble.update": {"executed_lines": [], "summary": {"covered_lines": 0, "num_statements": 12, "percent_covered": 0.0, "percent_covered_display": "0", "missing_lines": 12, "excluded_lines": 0}, "missing_lines": [315, 318, 319, 320, 321, 322, 325, 326, 327, 330, 331, 333], "excluded_lines": []}, "create_ensemble": {"executed_lines": [], "summary": {"covered_lines": 0, "num_statements": 4, "percent_covered": 0.0, "percent_covered_display": "0", "missing_lines": 4, "excluded_lines": 0}, "missing_lines": [356, 363, 364, 366], "excluded_lines": []}, "": {"executed_lines": [1, 6, 7, 8, 10, 11, 12, 13, 14, 16, 17], "summary": {"covered_lines": 10, "num_statements": 35, "percent_covered": 28.571428571428573, "percent_covered_display": "29", "missing_lines": 25, "excluded_lines": 0}, "missing_lines": [19, 21, 24, 25, 29, 30, 34, 40, 65, 75, 86, 109, 115, 141, 152, 190, 195, 220, 234, 239, 265, 270, 294, 309, 338], "excluded_lines": []}}, "classes": {"EnsembleModel": {"executed_lines": [], "summary": {"covered_lines": 0, "num_statements": 2, "percent_covered": 0.0, "percent_covered_display": "0", "missing_lines": 2, "excluded_lines": 0}, "missing_lines": [27, 32], "excluded_lines": []}, "BaggingEnsemble": {"executed_lines": [], "summary": {"covered_lines": 0, "num_statements": 23, "percent_covered": 0.0, "percent_covered_display": "0", "missing_lines": 23, "excluded_lines": 0}, "missing_lines": [56, 57, 58, 59, 61, 71, 72, 73, 77, 79, 80, 81, 82, 84, 92, 94, 96, 99, 100, 103, 104, 105, 107], "excluded_lines": []}, "BoostingEnsemble": {"executed_lines": [], "summary": {"covered_lines": 0, "num_statements": 30, "percent_covered": 0.0, "percent_covered_display": "0", "missing_lines": 30, "excluded_lines": 0}, "missing_lines": [131, 132, 133, 134, 135, 137, 143, 145, 146, 147, 148, 150, 158, 159, 161, 163, 164, 167, 168, 171, 172, 173, 174, 177, 178, 181, 184, 185, 186, 188], "excluded_lines": []}, "StackingEnsemble": {"executed_lines": [], "summary": {"covered_lines": 0, "num_statements": 21, "percent_covered": 0.0, "percent_covered_display": "0", "missing_lines": 21, "excluded_lines": 0}, "missing_lines": [211, 212, 213, 214, 216, 225, 227, 228, 229, 230, 232, 236, 237, 246, 247, 248, 249, 252, 255, 258, 263], "excluded_lines": []}, "VotingEnsemble": {"executed_lines": [], "summary": {"covered_lines": 0, "num_statements": 27, "percent_covered": 0.0, "percent_covered_display": "0", "missing_lines": 27, "excluded_lines": 0}, "missing_lines": [284, 285, 286, 288, 290, 296, 298, 299, 300, 301, 302, 303, 305, 306, 307, 315, 318, 319, 320, 321, 322, 325, 326, 327, 330, 331, 333], "excluded_lines": []}, "": {"executed_lines": [1, 6, 7, 8, 10, 11, 12, 13, 14, 16, 17], "summary": {"covered_lines": 10, "num_statements": 39, "percent_covered": 25.641025641025642, "percent_covered_display": "26", "missing_lines": 29, "excluded_lines": 0}, "missing_lines": [19, 21, 24, 25, 29, 30, 34, 40, 65, 75, 86, 109, 115, 141, 152, 190, 195, 220, 234, 239, 265, 270, 294, 309, 338, 356, 363, 364, 366], "excluded_lines": []}}}, "src/models/meta_learner.py": {"executed_lines": [1, 6, 7, 9, 10, 11, 12, 13, 14, 16, 17], "summary": {"covered_lines": 10, "num_statements": 89, "percent_covered": 11.235955056179776, "percent_covered_display": "11", "missing_lines": 79, "excluded_lines": 0}, "missing_lines": [19, 21, 27, 45, 47, 48, 49, 50, 53, 55, 60, 62, 63, 64, 66, 81, 82, 85, 86, 87, 95, 96, 97, 100, 101, 102, 103, 104, 106, 108, 125, 131, 132, 133, 134, 136, 138, 141, 142, 143, 146, 147, 149, 150, 151, 153, 156, 157, 158, 159, 164, 170, 172, 187, 188, 192, 194, 210, 212, 214, 215, 219, 221, 223, 229, 230, 231, 233, 240, 249, 251, 258, 259, 260, 265, 266, 267, 268, 270], "excluded_lines": [], "functions": {"MAMLModel.__init__": {"executed_lines": [], "summary": {"covered_lines": 0, "num_statements": 7, "percent_covered": 0.0, "percent_covered_display": "0", "missing_lines": 7, "excluded_lines": 0}, "missing_lines": [45, 47, 48, 49, 50, 53, 55], "excluded_lines": []}, "MAMLModel.clone_model": {"executed_lines": [], "summary": {"covered_lines": 0, "num_statements": 3, "percent_covered": 0.0, "percent_covered_display": "0", "missing_lines": 3, "excluded_lines": 0}, "missing_lines": [62, 63, 64], "excluded_lines": []}, "MAMLModel.inner_loop": {"executed_lines": [], "summary": {"covered_lines": 0, "num_statements": 14, "percent_covered": 0.0, "percent_covered_display": "0", "missing_lines": 14, "excluded_lines": 0}, "missing_lines": [81, 82, 85, 86, 87, 95, 96, 97, 100, 101, 102, 103, 104, 106], "excluded_lines": []}, "MAMLModel.meta_learn": {"executed_lines": [], "summary": {"covered_lines": 0, "num_statements": 22, "percent_covered": 0.0, "percent_covered_display": "0", "missing_lines": 22, "excluded_lines": 0}, "missing_lines": [125, 131, 132, 133, 134, 136, 138, 141, 142, 143, 146, 147, 149, 150, 151, 153, 156, 157, 158, 159, 164, 170], "excluded_lines": []}, "MAMLModel.adapt_to_market": {"executed_lines": [], "summary": {"covered_lines": 0, "num_statements": 3, "percent_covered": 0.0, "percent_covered_display": "0", "missing_lines": 3, "excluded_lines": 0}, "missing_lines": [187, 188, 192], "excluded_lines": []}, "MAMLModel.forward": {"executed_lines": [], "summary": {"covered_lines": 0, "num_statements": 6, "percent_covered": 0.0, "percent_covered_display": "0", "missing_lines": 6, "excluded_lines": 0}, "missing_lines": [210, 212, 214, 215, 219, 221], "excluded_lines": []}, "MAMLModel.calculate_accuracy": {"executed_lines": [], "summary": {"covered_lines": 0, "num_statements": 3, "percent_covered": 0.0, "percent_covered_display": "0", "missing_lines": 3, "excluded_lines": 0}, "missing_lines": [229, 230, 231], "excluded_lines": []}, "MAMLModel.save_meta_learned": {"executed_lines": [], "summary": {"covered_lines": 0, "num_statements": 2, "percent_covered": 0.0, "percent_covered_display": "0", "missing_lines": 2, "excluded_lines": 0}, "missing_lines": [240, 249], "excluded_lines": []}, "MAMLModel.load_meta_learned": {"executed_lines": [], "summary": {"covered_lines": 0, "num_statements": 8, "percent_covered": 0.0, "percent_covered_display": "0", "missing_lines": 8, "excluded_lines": 0}, "missing_lines": [258, 259, 260, 265, 266, 267, 268, 270], "excluded_lines": []}, "": {"executed_lines": [1, 6, 7, 9, 10, 11, 12, 13, 14, 16, 17], "summary": {"covered_lines": 10, "num_statements": 21, "percent_covered": 47.61904761904762, "percent_covered_display": "48", "missing_lines": 11, "excluded_lines": 0}, "missing_lines": [19, 21, 27, 60, 66, 108, 172, 194, 223, 233, 251], "excluded_lines": []}}, "classes": {"MAMLModel": {"executed_lines": [], "summary": {"covered_lines": 0, "num_statements": 68, "percent_covered": 0.0, "percent_covered_display": "0", "missing_lines": 68, "excluded_lines": 0}, "missing_lines": [45, 47, 48, 49, 50, 53, 55, 62, 63, 64, 81, 82, 85, 86, 87, 95, 96, 97, 100, 101, 102, 103, 104, 106, 125, 131, 132, 133, 134, 136, 138, 141, 142, 143, 146, 147, 149, 150, 151, 153, 156, 157, 158, 159, 164, 170, 187, 188, 192, 210, 212, 214, 215, 219, 221, 229, 230, 231, 240, 249, 258, 259, 260, 265, 266, 267, 268, 270], "excluded_lines": []}, "": {"executed_lines": [1, 6, 7, 9, 10, 11, 12, 13, 14, 16, 17], "summary": {"covered_lines": 10, "num_statements": 21, "percent_covered": 47.61904761904762, "percent_covered_display": "48", "missing_lines": 11, "excluded_lines": 0}, "missing_lines": [19, 21, 27, 60, 66, 108, 172, 194, 223, 233, 251], "excluded_lines": []}}}, "src/models/multi_task_learner.py": {"executed_lines": [1, 6, 7, 9, 10, 11, 12, 13, 15, 16], "summary": {"covered_lines": 9, "num_statements": 100, "percent_covered": 9.0, "percent_covered_display": "9", "missing_lines": 91, "excluded_lines": 0}, "missing_lines": [18, 20, 23, 37, 39, 40, 42, 43, 49, 51, 52, 54, 56, 58, 64, 80, 82, 83, 84, 87, 90, 91, 93, 94, 100, 101, 103, 108, 110, 120, 136, 139, 140, 142, 143, 145, 147, 162, 163, 165, 166, 168, 170, 171, 174, 175, 177, 179, 181, 196, 199, 202, 205, 206, 207, 210, 215, 217, 230, 231, 232, 234, 235, 236, 237, 240, 241, 242, 243, 245, 248, 250, 252, 253, 258, 259, 260, 262, 264, 271, 277, 279, 286, 287, 288, 289, 290, 291, 293, 294, 296], "excluded_lines": [], "functions": {"TaskHead.__init__": {"executed_lines": [], "summary": {"covered_lines": 0, "num_statements": 8, "percent_covered": 0.0, "percent_covered_display": "0", "missing_lines": 8, "excluded_lines": 0}, "missing_lines": [37, 39, 40, 42, 43, 49, 51, 52], "excluded_lines": []}, "TaskHead.forward": {"executed_lines": [], "summary": {"covered_lines": 0, "num_statements": 1, "percent_covered": 0.0, "percent_covered_display": "0", "missing_lines": 1, "excluded_lines": 0}, "missing_lines": [56], "excluded_lines": []}, "MultiTaskModel.__init__": {"executed_lines": [], "summary": {"covered_lines": 0, "num_statements": 12, "percent_covered": 0.0, "percent_covered_display": "0", "missing_lines": 12, "excluded_lines": 0}, "missing_lines": [80, 82, 83, 84, 87, 90, 91, 93, 94, 100, 101, 103], "excluded_lines": []}, "MultiTaskModel._create_shared_network": {"executed_lines": [], "summary": {"covered_lines": 0, "num_statements": 1, "percent_covered": 0.0, "percent_covered_display": "0", "missing_lines": 1, "excluded_lines": 0}, "missing_lines": [110], "excluded_lines": []}, "MultiTaskModel.forward": {"executed_lines": [], "summary": {"covered_lines": 0, "num_statements": 6, "percent_covered": 0.0, "percent_covered_display": "0", "missing_lines": 6, "excluded_lines": 0}, "missing_lines": [136, 139, 140, 142, 143, 145], "excluded_lines": []}, "MultiTaskModel.compute_losses": {"executed_lines": [], "summary": {"covered_lines": 0, "num_statements": 11, "percent_covered": 0.0, "percent_covered_display": "0", "missing_lines": 11, "excluded_lines": 0}, "missing_lines": [162, 163, 165, 166, 168, 170, 171, 174, 175, 177, 179], "excluded_lines": []}, "MultiTaskModel.train_step": {"executed_lines": [], "summary": {"covered_lines": 0, "num_statements": 8, "percent_covered": 0.0, "percent_covered_display": "0", "missing_lines": 8, "excluded_lines": 0}, "missing_lines": [196, 199, 202, 205, 206, 207, 210, 215], "excluded_lines": []}, "MultiTaskModel.evaluate": {"executed_lines": [], "summary": {"covered_lines": 0, "num_statements": 13, "percent_covered": 0.0, "percent_covered_display": "0", "missing_lines": 13, "excluded_lines": 0}, "missing_lines": [230, 231, 232, 234, 235, 236, 237, 240, 241, 242, 243, 245, 248], "excluded_lines": []}, "MultiTaskModel.get_task_weights": {"executed_lines": [], "summary": {"covered_lines": 0, "num_statements": 6, "percent_covered": 0.0, "percent_covered_display": "0", "missing_lines": 6, "excluded_lines": 0}, "missing_lines": [252, 253, 258, 259, 260, 262], "excluded_lines": []}, "MultiTaskModel.save_checkpoint": {"executed_lines": [], "summary": {"covered_lines": 0, "num_statements": 2, "percent_covered": 0.0, "percent_covered_display": "0", "missing_lines": 2, "excluded_lines": 0}, "missing_lines": [271, 277], "excluded_lines": []}, "MultiTaskModel.load_checkpoint": {"executed_lines": [], "summary": {"covered_lines": 0, "num_statements": 6, "percent_covered": 0.0, "percent_covered_display": "0", "missing_lines": 6, "excluded_lines": 0}, "missing_lines": [286, 287, 288, 289, 290, 291], "excluded_lines": []}, "MultiTaskModel.input_dim": {"executed_lines": [], "summary": {"covered_lines": 0, "num_statements": 1, "percent_covered": 0.0, "percent_covered_display": "0", "missing_lines": 1, "excluded_lines": 0}, "missing_lines": [296], "excluded_lines": []}, "": {"executed_lines": [1, 6, 7, 9, 10, 11, 12, 13, 15, 16], "summary": {"covered_lines": 9, "num_statements": 25, "percent_covered": 36.0, "percent_covered_display": "36", "missing_lines": 16, "excluded_lines": 0}, "missing_lines": [18, 20, 23, 54, 58, 64, 108, 120, 147, 181, 217, 250, 264, 279, 293, 294], "excluded_lines": []}}, "classes": {"TaskHead": {"executed_lines": [], "summary": {"covered_lines": 0, "num_statements": 9, "percent_covered": 0.0, "percent_covered_display": "0", "missing_lines": 9, "excluded_lines": 0}, "missing_lines": [37, 39, 40, 42, 43, 49, 51, 52, 56], "excluded_lines": []}, "MultiTaskModel": {"executed_lines": [], "summary": {"covered_lines": 0, "num_statements": 66, "percent_covered": 0.0, "percent_covered_display": "0", "missing_lines": 66, "excluded_lines": 0}, "missing_lines": [80, 82, 83, 84, 87, 90, 91, 93, 94, 100, 101, 103, 110, 136, 139, 140, 142, 143, 145, 162, 163, 165, 166, 168, 170, 171, 174, 175, 177, 179, 196, 199, 202, 205, 206, 207, 210, 215, 230, 231, 232, 234, 235, 236, 237, 240, 241, 242, 243, 245, 248, 252, 253, 258, 259, 260, 262, 271, 277, 286, 287, 288, 289, 290, 291, 296], "excluded_lines": []}, "": {"executed_lines": [1, 6, 7, 9, 10, 11, 12, 13, 15, 16], "summary": {"covered_lines": 9, "num_statements": 25, "percent_covered": 36.0, "percent_covered_display": "36", "missing_lines": 16, "excluded_lines": 0}, "missing_lines": [18, 20, 23, 54, 58, 64, 108, 120, 147, 181, 217, 250, 264, 279, 293, 294], "excluded_lines": []}}}, "src/models/transfer_learner.py": {"executed_lines": [1, 6, 7, 9, 10, 11, 12, 13, 15, 16], "summary": {"covered_lines": 9, "num_statements": 136, "percent_covered": 6.617647058823529, "percent_covered_display": "7", "missing_lines": 127, "excluded_lines": 0}, "missing_lines": [18, 20, 25, 43, 45, 47, 48, 50, 51, 53, 54, 56, 57, 59, 61, 62, 63, 65, 67, 68, 69, 71, 73, 75, 81, 97, 99, 100, 101, 104, 117, 118, 120, 124, 126, 138, 140, 141, 143, 145, 146, 148, 150, 152, 168, 169, 170, 173, 174, 176, 177, 179, 204, 211, 213, 214, 215, 217, 218, 221, 222, 225, 226, 227, 229, 230, 232, 233, 235, 238, 241, 243, 244, 245, 247, 248, 251, 252, 255, 256, 257, 259, 260, 262, 263, 265, 268, 269, 270, 272, 273, 274, 276, 277, 280, 281, 284, 285, 286, 288, 289, 291, 292, 294, 296, 298, 305, 312, 314, 321, 322, 323, 324, 325, 328, 330, 331, 333, 335, 337, 339, 341, 342, 343, 344, 345, 347], "excluded_lines": [], "functions": {"TransferableLayer.__init__": {"executed_lines": [], "summary": {"covered_lines": 0, "num_statements": 10, "percent_covered": 0.0, "percent_covered_display": "0", "missing_lines": 10, "excluded_lines": 0}, "missing_lines": [43, 45, 47, 48, 50, 51, 53, 54, 56, 57], "excluded_lines": []}, "TransferableLayer.freeze": {"executed_lines": [], "summary": {"covered_lines": 0, "num_statements": 3, "percent_covered": 0.0, "percent_covered_display": "0", "missing_lines": 3, "excluded_lines": 0}, "missing_lines": [61, 62, 63], "excluded_lines": []}, "TransferableLayer.unfreeze": {"executed_lines": [], "summary": {"covered_lines": 0, "num_statements": 3, "percent_covered": 0.0, "percent_covered_display": "0", "missing_lines": 3, "excluded_lines": 0}, "missing_lines": [67, 68, 69], "excluded_lines": []}, "TransferableLayer.forward": {"executed_lines": [], "summary": {"covered_lines": 0, "num_statements": 1, "percent_covered": 0.0, "percent_covered_display": "0", "missing_lines": 1, "excluded_lines": 0}, "missing_lines": [73], "excluded_lines": []}, "TransferModel.__init__": {"executed_lines": [], "summary": {"covered_lines": 0, "num_statements": 8, "percent_covered": 0.0, "percent_covered_display": "0", "missing_lines": 8, "excluded_lines": 0}, "missing_lines": [97, 99, 100, 101, 104, 117, 118, 120], "excluded_lines": []}, "TransferModel._create_task_head": {"executed_lines": [], "summary": {"covered_lines": 0, "num_statements": 1, "percent_covered": 0.0, "percent_covered_display": "0", "missing_lines": 1, "excluded_lines": 0}, "missing_lines": [126], "excluded_lines": []}, "TransferModel.freeze_shared_layers": {"executed_lines": [], "summary": {"covered_lines": 0, "num_statements": 2, "percent_covered": 0.0, "percent_covered_display": "0", "missing_lines": 2, "excluded_lines": 0}, "missing_lines": [140, 141], "excluded_lines": []}, "TransferModel.unfreeze_shared_layers": {"executed_lines": [], "summary": {"covered_lines": 0, "num_statements": 2, "percent_covered": 0.0, "percent_covered_display": "0", "missing_lines": 2, "excluded_lines": 0}, "missing_lines": [145, 146], "excluded_lines": []}, "TransferModel.get_trainable_params": {"executed_lines": [], "summary": {"covered_lines": 0, "num_statements": 1, "percent_covered": 0.0, "percent_covered_display": "0", "missing_lines": 1, "excluded_lines": 0}, "missing_lines": [150], "excluded_lines": []}, "TransferModel.forward": {"executed_lines": [], "summary": {"covered_lines": 0, "num_statements": 7, "percent_covered": 0.0, "percent_covered_display": "0", "missing_lines": 7, "excluded_lines": 0}, "missing_lines": [168, 169, 170, 173, 174, 176, 177], "excluded_lines": []}, "TransferModel.transfer_learn": {"executed_lines": [], "summary": {"covered_lines": 0, "num_statements": 53, "percent_covered": 0.0, "percent_covered_display": "0", "missing_lines": 53, "excluded_lines": 0}, "missing_lines": [204, 211, 213, 214, 215, 217, 218, 221, 222, 225, 226, 227, 229, 230, 232, 233, 235, 238, 241, 243, 244, 245, 247, 248, 251, 252, 255, 256, 257, 259, 260, 262, 263, 265, 268, 269, 270, 272, 273, 274, 276, 277, 280, 281, 284, 285, 286, 288, 289, 291, 292, 294, 296], "excluded_lines": []}, "TransferModel.save_transfer_model": {"executed_lines": [], "summary": {"covered_lines": 0, "num_statements": 2, "percent_covered": 0.0, "percent_covered_display": "0", "missing_lines": 2, "excluded_lines": 0}, "missing_lines": [305, 312], "excluded_lines": []}, "TransferModel.load_transfer_model": {"executed_lines": [], "summary": {"covered_lines": 0, "num_statements": 10, "percent_covered": 0.0, "percent_covered_display": "0", "missing_lines": 10, "excluded_lines": 0}, "missing_lines": [321, 322, 323, 324, 325, 328, 330, 331, 333, 335], "excluded_lines": []}, "TransferModel.get_layer_gradients": {"executed_lines": [], "summary": {"covered_lines": 0, "num_statements": 7, "percent_covered": 0.0, "percent_covered_display": "0", "missing_lines": 7, "excluded_lines": 0}, "missing_lines": [339, 341, 342, 343, 344, 345, 347], "excluded_lines": []}, "": {"executed_lines": [1, 6, 7, 9, 10, 11, 12, 13, 15, 16], "summary": {"covered_lines": 9, "num_statements": 26, "percent_covered": 34.61538461538461, "percent_covered_display": "35", "missing_lines": 17, "excluded_lines": 0}, "missing_lines": [18, 20, 25, 59, 65, 71, 75, 81, 124, 138, 143, 148, 152, 179, 298, 314, 337], "excluded_lines": []}}, "classes": {"TransferableLayer": {"executed_lines": [], "summary": {"covered_lines": 0, "num_statements": 17, "percent_covered": 0.0, "percent_covered_display": "0", "missing_lines": 17, "excluded_lines": 0}, "missing_lines": [43, 45, 47, 48, 50, 51, 53, 54, 56, 57, 61, 62, 63, 67, 68, 69, 73], "excluded_lines": []}, "TransferModel": {"executed_lines": [], "summary": {"covered_lines": 0, "num_statements": 93, "percent_covered": 0.0, "percent_covered_display": "0", "missing_lines": 93, "excluded_lines": 0}, "missing_lines": [97, 99, 100, 101, 104, 117, 118, 120, 126, 140, 141, 145, 146, 150, 168, 169, 170, 173, 174, 176, 177, 204, 211, 213, 214, 215, 217, 218, 221, 222, 225, 226, 227, 229, 230, 232, 233, 235, 238, 241, 243, 244, 245, 247, 248, 251, 252, 255, 256, 257, 259, 260, 262, 263, 265, 268, 269, 270, 272, 273, 274, 276, 277, 280, 281, 284, 285, 286, 288, 289, 291, 292, 294, 296, 305, 312, 321, 322, 323, 324, 325, 328, 330, 331, 333, 335, 339, 341, 342, 343, 344, 345, 347], "excluded_lines": []}, "": {"executed_lines": [1, 6, 7, 9, 10, 11, 12, 13, 15, 16], "summary": {"covered_lines": 9, "num_statements": 26, "percent_covered": 34.61538461538461, "percent_covered_display": "35", "missing_lines": 17, "excluded_lines": 0}, "missing_lines": [18, 20, 25, 59, 65, 71, 75, 81, 124, 138, 143, 148, 152, 179, 298, 314, 337], "excluded_lines": []}}}, "src/portfolio/portfolio_optimizer.py": {"executed_lines": [1, 6, 7, 8, 9, 11, 12, 13], "summary": {"covered_lines": 7, "num_statements": 182, "percent_covered": 3.8461538461538463, "percent_covered_display": "4", "missing_lines": 175, "excluded_lines": 0}, "missing_lines": [14, 15, 17, 19, 21, 23, 24, 25, 26, 27, 28, 30, 31, 33, 34, 35, 36, 37, 38, 39, 40, 41, 43, 49, 67, 68, 69, 70, 71, 74, 77, 78, 79, 81, 83, 98, 100, 101, 102, 103, 104, 105, 106, 107, 109, 110, 111, 113, 115, 132, 133, 136, 137, 141, 142, 145, 149, 155, 156, 160, 161, 162, 165, 166, 168, 169, 171, 173, 186, 188, 189, 190, 191, 192, 193, 194, 197, 200, 207, 215, 216, 218, 220, 235, 236, 239, 241, 243, 244, 245, 247, 248, 249, 250, 251, 254, 256, 258, 259, 260, 261, 263, 265, 266, 268, 269, 270, 271, 272, 275, 276, 277, 280, 281, 284, 285, 286, 288, 290, 293, 296, 297, 302, 304, 323, 326, 327, 328, 331, 332, 333, 335, 336, 337, 338, 339, 342, 343, 347, 353, 359, 378, 381, 382, 385, 387, 388, 389, 392, 393, 395, 396, 397, 400, 401, 402, 403, 404, 405, 412, 415, 419, 421, 441, 442, 443, 446, 449, 450, 451, 454, 455, 458, 461, 465], "excluded_lines": [], "functions": {"PortfolioOptimizer.__init__": {"executed_lines": [], "summary": {"covered_lines": 0, "num_statements": 10, "percent_covered": 0.0, "percent_covered_display": "0", "missing_lines": 10, "excluded_lines": 0}, "missing_lines": [67, 68, 69, 70, 71, 74, 77, 78, 79, 81], "excluded_lines": []}, "PortfolioOptimizer.estimate_covariance": {"executed_lines": [], "summary": {"covered_lines": 0, "num_statements": 13, "percent_covered": 0.0, "percent_covered_display": "0", "missing_lines": 13, "excluded_lines": 0}, "missing_lines": [98, 100, 101, 102, 103, 104, 105, 106, 107, 109, 110, 111, 113], "excluded_lines": []}, "PortfolioOptimizer.mean_variance_optimization": {"executed_lines": [], "summary": {"covered_lines": 0, "num_statements": 18, "percent_covered": 0.0, "percent_covered_display": "0", "missing_lines": 18, "excluded_lines": 0}, "missing_lines": [132, 133, 136, 137, 141, 142, 145, 149, 155, 156, 160, 161, 162, 165, 166, 168, 169, 171], "excluded_lines": []}, "PortfolioOptimizer.risk_parity_optimization": {"executed_lines": [], "summary": {"covered_lines": 0, "num_statements": 8, "percent_covered": 0.0, "percent_covered_display": "0", "missing_lines": 8, "excluded_lines": 0}, "missing_lines": [186, 188, 197, 200, 207, 215, 216, 218], "excluded_lines": []}, "PortfolioOptimizer.risk_parity_optimization.risk_parity_objective": {"executed_lines": [], "summary": {"covered_lines": 0, "num_statements": 6, "percent_covered": 0.0, "percent_covered_display": "0", "missing_lines": 6, "excluded_lines": 0}, "missing_lines": [189, 190, 191, 192, 193, 194], "excluded_lines": []}, "PortfolioOptimizer.hierarchical_risk_parity": {"executed_lines": [], "summary": {"covered_lines": 0, "num_statements": 10, "percent_covered": 0.0, "percent_covered_display": "0", "missing_lines": 10, "excluded_lines": 0}, "missing_lines": [235, 236, 239, 241, 256, 263, 293, 296, 297, 302], "excluded_lines": []}, "PortfolioOptimizer.hierarchical_risk_parity.get_quasi_diag": {"executed_lines": [], "summary": {"covered_lines": 0, "num_statements": 9, "percent_covered": 0.0, "percent_covered_display": "0", "missing_lines": 9, "excluded_lines": 0}, "missing_lines": [243, 244, 245, 247, 248, 249, 250, 251, 254], "excluded_lines": []}, "PortfolioOptimizer.hierarchical_risk_parity.get_cluster_var": {"executed_lines": [], "summary": {"covered_lines": 0, "num_statements": 4, "percent_covered": 0.0, "percent_covered_display": "0", "missing_lines": 4, "excluded_lines": 0}, "missing_lines": [258, 259, 260, 261], "excluded_lines": []}, "PortfolioOptimizer.hierarchical_risk_parity.get_recursive_bisection": {"executed_lines": [], "summary": {"covered_lines": 0, "num_statements": 17, "percent_covered": 0.0, "percent_covered_display": "0", "missing_lines": 17, "excluded_lines": 0}, "missing_lines": [265, 266, 268, 269, 270, 271, 272, 275, 276, 277, 280, 281, 284, 285, 286, 288, 290], "excluded_lines": []}, "PortfolioOptimizer.black_litterman_optimization": {"executed_lines": [], "summary": {"covered_lines": 0, "num_statements": 16, "percent_covered": 0.0, "percent_covered_display": "0", "missing_lines": 16, "excluded_lines": 0}, "missing_lines": [323, 326, 327, 328, 331, 332, 333, 335, 336, 337, 338, 339, 342, 343, 347, 353], "excluded_lines": []}, "PortfolioOptimizer.optimize_portfolio": {"executed_lines": [], "summary": {"covered_lines": 0, "num_statements": 21, "percent_covered": 0.0, "percent_covered_display": "0", "missing_lines": 21, "excluded_lines": 0}, "missing_lines": [378, 381, 382, 385, 387, 388, 389, 392, 393, 395, 396, 397, 400, 401, 402, 403, 404, 405, 412, 415, 419], "excluded_lines": []}, "PortfolioOptimizer.calculate_portfolio_metrics": {"executed_lines": [], "summary": {"covered_lines": 0, "num_statements": 12, "percent_covered": 0.0, "percent_covered_display": "0", "missing_lines": 12, "excluded_lines": 0}, "missing_lines": [441, 442, 443, 446, 449, 450, 451, 454, 455, 458, 461, 465], "excluded_lines": []}, "": {"executed_lines": [1, 6, 7, 8, 9, 11, 12, 13], "summary": {"covered_lines": 7, "num_statements": 38, "percent_covered": 18.42105263157895, "percent_covered_display": "18", "missing_lines": 31, "excluded_lines": 0}, "missing_lines": [14, 15, 17, 19, 21, 23, 24, 25, 26, 27, 28, 30, 31, 33, 34, 35, 36, 37, 38, 39, 40, 41, 43, 49, 83, 115, 173, 220, 304, 359, 421], "excluded_lines": []}}, "classes": {"OptimizationStrategy": {"executed_lines": [], "summary": {"covered_lines": 0, "num_statements": 0, "percent_covered": 100.0, "percent_covered_display": "100", "missing_lines": 0, "excluded_lines": 0}, "missing_lines": [], "excluded_lines": []}, "PortfolioMetrics": {"executed_lines": [], "summary": {"covered_lines": 0, "num_statements": 0, "percent_covered": 100.0, "percent_covered_display": "100", "missing_lines": 0, "excluded_lines": 0}, "missing_lines": [], "excluded_lines": []}, "PortfolioOptimizer": {"executed_lines": [], "summary": {"covered_lines": 0, "num_statements": 144, "percent_covered": 0.0, "percent_covered_display": "0", "missing_lines": 144, "excluded_lines": 0}, "missing_lines": [67, 68, 69, 70, 71, 74, 77, 78, 79, 81, 98, 100, 101, 102, 103, 104, 105, 106, 107, 109, 110, 111, 113, 132, 133, 136, 137, 141, 142, 145, 149, 155, 156, 160, 161, 162, 165, 166, 168, 169, 171, 186, 188, 189, 190, 191, 192, 193, 194, 197, 200, 207, 215, 216, 218, 235, 236, 239, 241, 243, 244, 245, 247, 248, 249, 250, 251, 254, 256, 258, 259, 260, 261, 263, 265, 266, 268, 269, 270, 271, 272, 275, 276, 277, 280, 281, 284, 285, 286, 288, 290, 293, 296, 297, 302, 323, 326, 327, 328, 331, 332, 333, 335, 336, 337, 338, 339, 342, 343, 347, 353, 378, 381, 382, 385, 387, 388, 389, 392, 393, 395, 396, 397, 400, 401, 402, 403, 404, 405, 412, 415, 419, 441, 442, 443, 446, 449, 450, 451, 454, 455, 458, 461, 465], "excluded_lines": []}, "": {"executed_lines": [1, 6, 7, 8, 9, 11, 12, 13], "summary": {"covered_lines": 7, "num_statements": 38, "percent_covered": 18.42105263157895, "percent_covered_display": "18", "missing_lines": 31, "excluded_lines": 0}, "missing_lines": [14, 15, 17, 19, 21, 23, 24, 25, 26, 27, 28, 30, 31, 33, 34, 35, 36, 37, 38, 39, 40, 41, 43, 49, 83, 115, 173, 220, 304, 359, 421], "excluded_lines": []}}}, "src/risk/risk_manager.py": {"executed_lines": [1, 6, 7, 8, 9, 11, 12, 13, 14, 15, 17], "summary": {"covered_lines": 10, "num_statements": 119, "percent_covered": 8.403361344537815, "percent_covered_display": "8", "missing_lines": 109, "excluded_lines": 0}, "missing_lines": [19, 21, 23, 24, 25, 26, 27, 28, 29, 31, 32, 34, 35, 36, 37, 38, 39, 40, 41, 42, 44, 50, 68, 69, 70, 71, 72, 73, 76, 77, 78, 81, 82, 83, 86, 87, 88, 90, 92, 108, 111, 114, 117, 118, 119, 122, 123, 124, 125, 127, 139, 155, 156, 162, 163, 166, 167, 168, 172, 173, 174, 175, 176, 177, 178, 179, 180, 181, 182, 183, 185, 187, 205, 208, 211, 220, 223, 224, 226, 227, 229, 230, 233, 235, 237, 253, 254, 255, 256, 257, 260, 261, 267, 274, 276, 284, 295, 296, 297, 298, 301, 302, 303, 304, 307, 308, 309, 310, 312], "excluded_lines": [], "functions": {"DynamicRiskManager.__init__": {"executed_lines": [], "summary": {"covered_lines": 0, "num_statements": 16, "percent_covered": 0.0, "percent_covered_display": "0", "missing_lines": 16, "excluded_lines": 0}, "missing_lines": [68, 69, 70, 71, 72, 73, 76, 77, 78, 81, 82, 83, 86, 87, 88, 90], "excluded_lines": []}, "DynamicRiskManager.calculate_risk_metrics": {"executed_lines": [], "summary": {"covered_lines": 0, "num_statements": 11, "percent_covered": 0.0, "percent_covered_display": "0", "missing_lines": 11, "excluded_lines": 0}, "missing_lines": [108, 111, 114, 117, 118, 119, 122, 123, 124, 125, 127], "excluded_lines": []}, "DynamicRiskManager.detect_market_regime": {"executed_lines": [], "summary": {"covered_lines": 0, "num_statements": 20, "percent_covered": 0.0, "percent_covered_display": "0", "missing_lines": 20, "excluded_lines": 0}, "missing_lines": [155, 156, 162, 163, 166, 167, 168, 172, 173, 174, 175, 176, 177, 178, 179, 180, 181, 182, 183, 185], "excluded_lines": []}, "DynamicRiskManager.calculate_position_size": {"executed_lines": [], "summary": {"covered_lines": 0, "num_statements": 12, "percent_covered": 0.0, "percent_covered_display": "0", "missing_lines": 12, "excluded_lines": 0}, "missing_lines": [205, 208, 211, 220, 223, 224, 226, 227, 229, 230, 233, 235], "excluded_lines": []}, "DynamicRiskManager.update_position": {"executed_lines": [], "summary": {"covered_lines": 0, "num_statements": 8, "percent_covered": 0.0, "percent_covered_display": "0", "missing_lines": 8, "excluded_lines": 0}, "missing_lines": [253, 254, 255, 256, 257, 260, 261, 267], "excluded_lines": []}, "DynamicRiskManager.get_risk_limits": {"executed_lines": [], "summary": {"covered_lines": 0, "num_statements": 1, "percent_covered": 0.0, "percent_covered_display": "0", "missing_lines": 1, "excluded_lines": 0}, "missing_lines": [276], "excluded_lines": []}, "DynamicRiskManager.adjust_risk_limits": {"executed_lines": [], "summary": {"covered_lines": 0, "num_statements": 13, "percent_covered": 0.0, "percent_covered_display": "0", "missing_lines": 13, "excluded_lines": 0}, "missing_lines": [295, 296, 297, 298, 301, 302, 303, 304, 307, 308, 309, 310, 312], "excluded_lines": []}, "": {"executed_lines": [1, 6, 7, 8, 9, 11, 12, 13, 14, 15, 17], "summary": {"covered_lines": 10, "num_statements": 38, "percent_covered": 26.31578947368421, "percent_covered_display": "26", "missing_lines": 28, "excluded_lines": 0}, "missing_lines": [19, 21, 23, 24, 25, 26, 27, 28, 29, 31, 32, 34, 35, 36, 37, 38, 39, 40, 41, 42, 44, 50, 92, 139, 187, 237, 274, 284], "excluded_lines": []}}, "classes": {"MarketRegime": {"executed_lines": [], "summary": {"covered_lines": 0, "num_statements": 0, "percent_covered": 100.0, "percent_covered_display": "100", "missing_lines": 0, "excluded_lines": 0}, "missing_lines": [], "excluded_lines": []}, "RiskMetrics": {"executed_lines": [], "summary": {"covered_lines": 0, "num_statements": 0, "percent_covered": 100.0, "percent_covered_display": "100", "missing_lines": 0, "excluded_lines": 0}, "missing_lines": [], "excluded_lines": []}, "DynamicRiskManager": {"executed_lines": [], "summary": {"covered_lines": 0, "num_statements": 81, "percent_covered": 0.0, "percent_covered_display": "0", "missing_lines": 81, "excluded_lines": 0}, "missing_lines": [68, 69, 70, 71, 72, 73, 76, 77, 78, 81, 82, 83, 86, 87, 88, 90, 108, 111, 114, 117, 118, 119, 122, 123, 124, 125, 127, 155, 156, 162, 163, 166, 167, 168, 172, 173, 174, 175, 176, 177, 178, 179, 180, 181, 182, 183, 185, 205, 208, 211, 220, 223, 224, 226, 227, 229, 230, 233, 235, 253, 254, 255, 256, 257, 260, 261, 267, 276, 295, 296, 297, 298, 301, 302, 303, 304, 307, 308, 309, 310, 312], "excluded_lines": []}, "": {"executed_lines": [1, 6, 7, 8, 9, 11, 12, 13, 14, 15, 17], "summary": {"covered_lines": 10, "num_statements": 38, "percent_covered": 26.31578947368421, "percent_covered_display": "26", "missing_lines": 28, "excluded_lines": 0}, "missing_lines": [19, 21, 23, 24, 25, 26, 27, 28, 29, 31, 32, 34, 35, 36, 37, 38, 39, 40, 41, 42, 44, 50, 92, 139, 187, 237, 274, 284], "excluded_lines": []}}}, "src/strategies/arbitrage_strategy.py": {"executed_lines": [1, 6, 7, 8, 9, 10, 11, 13, 14, 15, 17], "summary": {"covered_lines": 10, "num_statements": 156, "percent_covered": 6.410256410256411, "percent_covered_display": "6", "missing_lines": 146, "excluded_lines": 0}, "missing_lines": [18, 20, 22, 24, 25, 26, 27, 29, 30, 32, 33, 34, 35, 36, 37, 38, 39, 40, 41, 42, 43, 44, 46, 52, 70, 71, 72, 73, 74, 79, 80, 81, 86, 87, 89, 93, 106, 107, 109, 110, 112, 114, 115, 117, 119, 135, 136, 137, 140, 141, 142, 143, 144, 145, 147, 148, 150, 153, 154, 155, 156, 157, 158, 159, 161, 162, 164, 166, 168, 183, 185, 186, 188, 192, 197, 198, 202, 203, 205, 207, 208, 229, 230, 232, 234, 235, 255, 257, 
[...]
s": 15, "percent_covered": 0.0, "percent_covered_display": "0", "missing_lines": 15, "excluded_lines": 0}, "missing_lines": [227, 228, 231, 234, 241, 248, 250, 253, 256, 257, 258, 259, 262, 263, 269], "excluded_lines": []}, "DistributedTrainer.train_epoch": {"executed_lines": [], "summary": {"covered_lines": 0, "num_statements": 9, "percent_covered": 0.0, "percent_covered_display": "0", "missing_lines": 9, "excluded_lines": 0}, "missing_lines": [286, 287, 289, 290, 293, 294, 295, 296, 299], "excluded_lines": []}, "DistributedTrainer.validate_epoch": {"executed_lines": [], "summary": {"covered_lines": 0, "num_statements": 15, "percent_covered": 0.0, "percent_covered_display": "0", "missing_lines": 15, "excluded_lines": 0}, "missing_lines": [314, 315, 317, 318, 320, 321, 324, 327, 328, 329, 330, 333, 336, 337, 339], "excluded_lines": []}, "DistributedTrainer.cleanup": {"executed_lines": [], "summary": {"covered_lines": 0, "num_statements": 3, "percent_covered": 0.0, "percent_covered_display": "0", "missing_lines": 3, "excluded_lines": 0}, "missing_lines": [343, 344, 345], "excluded_lines": []}, "": {"executed_lines": [1, 6, 7, 8, 10, 11, 12, 13, 14, 16, 17], "summary": {"covered_lines": 10, "num_statements": 22, "percent_covered": 45.45454545454545, "percent_covered_display": "45", "missing_lines": 12, "excluded_lines": 0}, "missing_lines": [19, 21, 27, 62, 79, 103, 132, 177, 203, 271, 301, 341], "excluded_lines": []}}, "classes": {"DistributedTrainer": {"executed_lines": [], "summary": {"covered_lines": 0, "num_statements": 95, "percent_covered": 0.0, "percent_covered_display": "0", "missing_lines": 95, "excluded_lines": 0}, "missing_lines": [45, 46, 47, 48, 49, 52, 55, 58, 60, 64, 65, 67, 68, 71, 77, 81, 83, 84, 86, 89, 91, 93, 99, 101, 114, 115, 122, 124, 148, 149, 152, 153, 156, 159, 160, 161, 167, 168, 169, 172, 173, 175, 187, 188, 190, 192, 193, 194, 195, 196, 197, 199, 201, 227, 228, 231, 234, 241, 248, 250, 253, 256, 257, 258, 259, 262, 263, 269, 286, 287, 289, 290, 293, 294, 295, 296, 299, 314, 315, 317, 318, 320, 321, 324, 327, 328, 329, 330, 333, 336, 337, 339, 343, 344, 345], "excluded_lines": []}, "": {"executed_lines": [1, 6, 7, 8, 10, 11, 12, 13, 14, 16, 17], "summary": {"covered_lines": 10, "num_statements": 22, "percent_covered": 45.45454545454545, "percent_covered_display": "45", "missing_lines": 12, "excluded_lines": 0}, "missing_lines": [19, 21, 27, 62, 79, 103, 132, 177, 203, 271, 301, 341], "excluded_lines": []}}}, "src/training/trainer.py": {"executed_lines": [1, 2, 3, 4, 5, 6, 7, 8, 9, 10, 11, 13, 14, 18, 54, 69, 91, 151, 152, 156, 216, 233, 286, 318], "summary": {"covered_lines": 22, "num_statements": 139, "percent_covered": 15.827338129496402, "percent_covered_display": "16", "missing_lines": 117, "excluded_lines": 0}, "missing_lines": [36, 37, 38, 39, 40, 43, 44, 47, 50, 52, 61, 62, 63, 64, 65, 67, 77, 80, 83, 87, 89, 105, 108, 109, 112, 113, 116, 117, 120, 121, 122, 123, 126, 129, 132, 135, 136, 137, 138, 140, 142, 149, 166, 167, 168, 169, 170, 173, 174, 175, 176, 179, 180, 183, 184, 185, 186, 189, 190, 197, 198, 209, 231, 243, 244, 246, 247, 249, 251, 253, 254, 255, 258, 259, 265, 266, 267, 268, 271, 274, 277, 284, 293, 294, 295, 297, 299, 300, 303, 306, 307, 309, 316, 332, 334, 336, 339, 340, 341, 342, 343, 346, 347, 350, 351, 352, 353, 354, 357, 358, 359, 362, 363, 368, 376, 379, 380], "excluded_lines": [], "functions": {"TradingEnvironment.__init__": {"executed_lines": [], "summary": {"covered_lines": 0, "num_statements": 10, "percent_covered": 0.0, "percent_covered_display": "0", "missing_lines": 10, "excluded_lines": 0}, "missing_lines": [36, 37, 38, 39, 40, 43, 44, 47, 50, 52], "excluded_lines": []}, "TradingEnvironment.reset": {"executed_lines": [], "summary": {"covered_lines": 0, "num_statements": 6, "percent_covered": 0.0, "percent_covered_display": "0", "missing_lines": 6, "excluded_lines": 0}, "missing_lines": [61, 62, 63, 64, 65, 67], "excluded_lines": []}, "TradingEnvironment._get_state": {"executed_lines": [], "summary": {"covered_lines": 0, "num_statements": 5, "percent_covered": 0.0, "percent_covered_display": "0", "missing_lines": 5, "excluded_lines": 0}, "missing_lines": [77, 80, 83, 87, 89], "excluded_lines": []}, "TradingEnvironment.step": {"executed_lines": [], "summary": {"covered_lines": 0, "num_statements": 21, "percent_covered": 0.0, "percent_covered_display": "0", "missing_lines": 21, "excluded_lines": 0}, "missing_lines": [105, 108, 109, 112, 113, 116, 117, 120, 121, 122, 123, 126, 129, 132, 135, 136, 137, 138, 140, 142, 149], "excluded_lines": []}, "Trainer.__init__": {"executed_lines": [], "summary": {"covered_lines": 0, "num_statements": 20, "percent_covered": 0.0, "percent_covered_display": "0", "missing_lines": 20, "excluded_lines": 0}, "missing_lines": [166, 167, 168, 169, 170, 173, 174, 175, 176, 179, 180, 183, 184, 185, 186, 189, 190, 197, 198, 209], "excluded_lines": []}, "Trainer._parallel_env_step": {"executed_lines": [], "summary": {"covered_lines": 0, "num_statements": 1, "percent_covered": 0.0, "percent_covered_display": "0", "missing_lines": 1, "excluded_lines": 0}, "missing_lines": [231], "excluded_lines": []}, "Trainer.train_episode": {"executed_lines": [], "summary": {"covered_lines": 0, "num_statements": 19, "percent_covered": 0.0, "percent_covered_display": "0", "missing_lines": 19, "excluded_lines": 0}, "missing_lines": [243, 244, 246, 247, 249, 251, 253, 254, 255, 258, 259, 265, 266, 267, 268, 271, 274, 277, 284], "excluded_lines": []}, "Trainer.validate": {"executed_lines": [], "summary": {"covered_lines": 0, "num_statements": 11, "percent_covered": 0.0, "percent_covered_display": "0", "missing_lines": 11, "excluded_lines": 0}, "missing_lines": [293, 294, 295, 297, 299, 300, 303, 306, 307, 309, 316], "excluded_lines": []}, "Trainer.train": {"executed_lines": [], "summary": {"covered_lines": 0, "num_statements": 24, "percent_covered": 0.0, "percent_covered_display": "0", "missing_lines": 24, "excluded_lines": 0}, "missing_lines": [332, 334, 336, 339, 340, 341, 342, 343, 346, 347, 350, 351, 352, 353, 354, 357, 358, 359, 362, 363, 368, 376, 379, 380], "excluded_lines": []}, "": {"executed_lines": [1, 2, 3, 4, 5, 6, 7, 8, 9, 10, 11, 13, 14, 18, 54, 69, 91, 151, 152, 156, 216, 233, 286, 318], "summary": {"covered_lines": 22, "num_statements": 22, "percent_covered": 100.0, "percent_covered_display": "100", "missing_lines": 0, "excluded_lines": 0}, "missing_lines": [], "excluded_lines": []}}, "classes": {"TradingEnvironment": {"executed_lines": [], "summary": {"covered_lines": 0, "num_statements": 42, "percent_covered": 0.0, "percent_covered_display": "0", "missing_lines": 42, "excluded_lines": 0}, "missing_lines": [36, 37, 38, 39, 40, 43, 44, 47, 50, 52, 61, 62, 63, 64, 65, 67, 77, 80, 83, 87, 89, 105, 108, 109, 112, 113, 116, 117, 120, 121, 122, 123, 126, 129, 132, 135, 136, 137, 138, 140, 142, 149], "excluded_lines": []}, "Trainer": {"executed_lines": [], "summary": {"covered_lines": 0, "num_statements": 75, "percent_covered": 0.0, "percent_covered_display": "0", "missing_lines": 75, "excluded_lines": 0}, "missing_lines": [166, 167, 168, 169, 170, 173, 174, 175, 176, 179, 180, 183, 184, 185, 186, 189, 190, 197, 198, 209, 231, 243, 244, 246, 247, 249, 251, 253, 254, 255, 258, 259, 265, 266, 267, 268, 271, 274, 277, 284, 293, 294, 295, 297, 299, 300, 303, 306, 307, 309, 316, 332, 334, 336, 339, 340, 341, 342, 343, 346, 347, 350, 351, 352, 353, 354, 357, 358, 359, 362, 363, 368, 376, 379, 380], "excluded_lines": []}, "": {"executed_lines": [1, 2, 3, 4, 5, 6, 7, 8, 9, 10, 11, 13, 14, 18, 54, 69, 91, 151, 152, 156, 216, 233, 286, 318], "summary": {"covered_lines": 22, "num_statements": 22, "percent_covered": 100.0, "percent_covered_display": "100", "missing_lines": 0, "excluded_lines": 0}, "missing_lines": [], "excluded_lines": []}}}, "src/utils/__init__.py": {"executed_lines": [0], "summary": {"covered_lines": 0, "num_statements": 0, "percent_covered": 100.0, "percent_covered_display": "100", "missing_lines": 0, "excluded_lines": 0}, "missing_lines": [], "excluded_lines": [], "functions": {"": {"executed_lines": [], "summary": {"covered_lines": 0, "num_statements": 0, "percent_covered": 100.0, "percent_covered_display": "100", "missing_lines": 0, "excluded_lines": 0}, "missing_lines": [], "excluded_lines": []}}, "classes": {"": {"executed_lines": [], "summary": {"covered_lines": 0, "num_statements": 0, "percent_covered": 100.0, "percent_covered_display": "100", "missing_lines": 0, "excluded_lines": 0}, "missing_lines": [], "excluded_lines": []}}}, "src/utils/helpers.py": {"executed_lines": [1, 2, 3, 4, 5, 6, 7, 8, 9, 10, 12, 13, 18, 34, 65, 94, 122, 123, 127, 164, 194, 233, 247, 262, 277, 290, 309, 332, 359, 373], "summary": {"covered_lines": 28, "num_statements": 147, "percent_covered": 19.047619047619047, "percent_covered_display": "19", "missing_lines": 119, "excluded_lines": 0}, "missing_lines": [30, 31, 32, 44, 45, 47, 48, 49, 50, 52, 53, 54, 55, 56, 58, 59, 60, 61, 62, 63, 78, 79, 81, 82, 84, 85, 86, 89, 90, 92, 107, 108, 110, 111, 113, 114, 115, 117, 118, 120, 147, 148, 149, 150, 151, 153, 154, 155, 156, 157, 159, 161, 162, 182, 183, 184, 185, 186, 189, 191, 192, 207, 208, 211, 212, 215, 218, 219, 222, 224, 245, 257, 258, 259, 260, 273, 274, 275, 287, 288, 300, 301, 302, 303, 304, 306, 307, 325, 326, 327, 329, 348, 349, 350, 352, 353, 354, 356, 369, 370, 371, 375, 378, 379, 380, 381, 383, 384, 385, 386, 389, 390, 391, 392, 394, 395, 396, 397, 398], "excluded_lines": [], "functions": {"DataNormalizer.__init__": {"executed_lines": [], "summary": {"covered_lines": 0, "num_statements": 3, "percent_covered": 0.0, "percent_covered_display": "0", "missing_lines": 3, "excluded_lines": 0}, "missing_lines": [30, 31, 32], "excluded_lines": []}, "DataNormalizer.fit": {"executed_lines": [], "summary": {"covered_lines": 0, "num_statements": 17, "percent_covered": 0.0, "percent_covered_display": "0", "missing_lines": 17, "excluded_lines": 0}, "missing_lines": [44, 45, 47, 48, 49, 50, 52, 53, 54, 55, 56, 58, 59, 60, 61, 62, 63], "excluded_lines": []}, "DataNormalizer.transform": {"executed_lines": [], "summary": {"covered_lines": 0, "num_statements": 10, "percent_covered": 0.0, "percent_covered_display": "0", "missing_lines": 10, "excluded_lines": 0}, "missing_lines": [78, 79, 81, 82, 84, 85, 86, 89, 90, 92], "excluded_lines": []}, "DataNormalizer.inverse_transform": {"executed_lines": [], "summary": {"covered_lines": 0, "num_statements": 10, "percent_covered": 0.0, "percent_covered_display": "0", "missing_lines": 10, "excluded_lines": 0}, "missing_lines": [107, 108, 110, 111, 113, 114, 115, 117, 118, 120], "excluded_lines": []}, "ReplayBuffer.__init__": {"executed_lines": [], "summary": {"covered_lines": 0, "num_statements": 13, "percent_covered": 0.0, "percent_covered_display": "0", "missing_lines": 13, "excluded_lines": 0}, "missing_lines": [147, 148, 149, 150, 151, 153, 154, 155, 156, 157, 159, 161, 162], "excluded_lines": []}, "ReplayBuffer.add": {"executed_lines": [], "summary": {"covered_lines": 0, "num_statements": 8, "percent_covered": 0.0, "percent_covered_display": "0", "missing_lines": 8, "excluded_lines": 0}, "missing_lines": [182, 183, 184, 185, 186, 189, 191, 192], "excluded_lines": []}, "ReplayBuffer.sample": {"executed_lines": [], "summary": {"covered_lines": 0, "num_statements": 9, "percent_covered": 0.0, "percent_covered_display": "0", "missing_lines": 9, "excluded_lines": 0}, "missing_lines": [207, 208, 211, 212, 215, 218, 219, 222, 224], "excluded_lines": []}, "ReplayBuffer.update_priorities": {"executed_lines": [], "summary": {"covered_lines": 0, "num_statements": 1, "percent_covered": 0.0, "percent_covered_display": "0", "missing_lines": 1, "excluded_lines": 0}, "missing_lines": [245], "excluded_lines": []}, "create_experiment_dir": {"executed_lines": [], "summary": {"covered_lines": 0, "num_statements": 4, "percent_covered": 0.0, "percent_covered_display": "0", "missing_lines": 4, "excluded_lines": 0}, "missing_lines": [257, 258, 259, 260], "excluded_lines": []}, "save_dict_to_yaml": {"executed_lines": [], "summary": {"covered_lines": 0, "num_statements": 3, "percent_covered": 0.0, "percent_covered_display": "0", "missing_lines": 3, "excluded_lines": 0}, "missing_lines": [273, 274, 275], "excluded_lines": []}, "load_yaml_to_dict": {"executed_lines": [], "summary": {"covered_lines": 0, "num_statements": 2, "percent_covered": 0.0, "percent_covered_display": "0", "missing_lines": 2, "excluded_lines": 0}, "missing_lines": [287, 288], "excluded_lines": []}, "setup_device": {"executed_lines": [], "summary": {"covered_lines": 0, "num_statements": 7, "percent_covered": 0.0, "percent_covered_display": "0", "missing_lines": 7, "excluded_lines": 0}, "missing_lines": [300, 301, 302, 303, 304, 306, 307], "excluded_lines": []}, "calculate_sharpe_ratio": {"executed_lines": [], "summary": {"covered_lines": 0, "num_statements": 4, "percent_covered": 0.0, "percent_covered_display": "0", "missing_lines": 4, "excluded_lines": 0}, "missing_lines": [325, 326, 327, 329], "excluded_lines": []}, "calculate_sortino_ratio": {"executed_lines": [], "summary": {"covered_lines": 0, "num_statements": 7, "percent_covered": 0.0, "percent_covered_display": "0", "missing_lines": 7, "excluded_lines": 0}, "missing_lines": [348, 349, 350, 352, 353, 354, 356], "excluded_lines": []}, "calculate_max_drawdown": {"executed_lines": [], "summary": {"covered_lines": 0, "num_statements": 3, "percent_covered": 0.0, "percent_covered_display": "0", "missing_lines": 3, "excluded_lines": 0}, "missing_lines": [369, 370, 371], "excluded_lines": []}, "": {"executed_lines": [1, 2, 3, 4, 5, 6, 7, 8, 9, 10, 12, 13, 18, 34, 65, 94, 122, 123, 127, 164, 194, 233, 247, 262, 277, 290, 309, 332, 359, 373], "summary": {"covered_lines": 28, "num_statements": 46, "percent_covered": 60.869565217391305, "percent_covered_display": "61", "missing_lines": 18, "excluded_lines": 0}, "missing_lines": [375, 378, 379, 380, 381, 383, 384, 385, 386, 389, 390, 391, 392, 394, 395, 396, 397, 398], "excluded_lines": []}}, "classes": {"DataNormalizer": {"executed_lines": [], "summary": {"covered_lines": 0, "num_statements": 40, "percent_covered": 0.0, "percent_covered_display": "0", "missing_lines": 40, "excluded_lines": 0}, "missing_lines": [30, 31, 32, 44, 45, 47, 48, 49, 50, 52, 53, 54, 55, 56, 58, 59, 60, 61, 62, 63, 78, 79, 81, 82, 84, 85, 86, 89, 90, 92, 107, 108, 110, 111, 113, 114, 115, 117, 118, 120], "excluded_lines": []}, "ReplayBuffer": {"executed_lines": [], "summary": {"covered_lines": 0, "num_statements": 31, "percent_covered": 0.0, "percent_covered_display": "0", "missing_lines": 31, "excluded_lines": 0}, "missing_lines": [147, 148, 149, 150, 151, 153, 154, 155, 156, 157, 159, 161, 162, 182, 183, 184, 185, 186, 189, 191, 192, 207, 208, 211, 212, 215, 218, 219, 222, 224, 245], "excluded_lines": []}, "": {"executed_lines": [1, 2, 3, 4, 5, 6, 7, 8, 9, 10, 12, 13, 18, 34, 65, 94, 122, 123, 127, 164, 194, 233, 247, 262, 277, 290, 309, 332, 359, 373], "summary": {"covered_lines": 28, "num_statements": 76, "percent_covered": 36.8421052631579, "percent_covered_display": "37", "missing_lines": 48, "excluded_lines": 0}, "missing_lines": [257, 258, 259, 260, 273, 274, 275, 287, 288, 300, 301, 302, 303, 304, 306, 307, 325, 326, 327, 329, 348, 349, 350, 352, 353, 354, 356, 369, 370, 371, 375, 378, 379, 380, 381, 383, 384, 385, 386, 389, 390, 391, 392, 394, 395, 396, 397, 398], "excluded_lines": []}}}, "src/visualization/__init__.py": {"executed_lines": [], "summary": {"covered_lines": 0, "num_statements": 0, "percent_covered": 100.0, "percent_covered_display": "100", "missing_lines": 0, "excluded_lines": 0}, "missing_lines": [], "excluded_lines": [], "functions": {"": {"executed_lines": [], "summary": {"covered_lines": 0, "num_statements": 0, "percent_covered": 100.0, "percent_covered_display": "100", "missing_lines": 0, "excluded_lines": 0}, "missing_lines": [], "excluded_lines": []}}, "classes": {"": {"executed_lines": [], "summary": {"covered_lines": 0, "num_statements": 0, "percent_covered": 100.0, "percent_covered_display": "100", "missing_lines": 0, "excluded_lines": 0}, "missing_lines": [], "excluded_lines": []}}}, "src/visualization/visualizer.py": {"executed_lines": [], "summary": {"covered_lines": 0, "num_statements": 79, "percent_covered": 0.0, "percent_covered_display": "0", "missing_lines": 79, "excluded_lines": 0}, "missing_lines": [1, 2, 3, 4, 5, 6, 7, 8, 9, 10, 12, 17, 29, 30, 33, 36, 37, 40, 41, 43, 57, 60, 70, 71, 81, 89, 90, 92, 106, 114, 125, 136, 143, 144, 146, 160, 163, 171, 172, 173, 176, 177, 182, 184, 200, 218, 228, 238, 248, 251, 261, 262, 273, 292, 299, 300, 302, 316, 327, 337, 338, 339, 347, 348, 358, 359, 369, 377, 378, 380, 382, 385, 386, 390, 391, 397, 398, 399, 410], "excluded_lines": [], "functions": {"TradingVisualizer.__init__": {"executed_lines": [], "summary": {"covered_lines": 0, "num_statements": 7, "percent_covered": 0.0, "percent_covered_display": "0", "missing_lines": 7, "excluded_lines": 0}, "missing_lines": [29, 30, 33, 36, 37, 40, 41], "excluded_lines": []}, "TradingVisualizer.plot_portfolio_performance": {"executed_lines": [], "summary": {"covered_lines": 0, "num_statements": 7, "percent_covered": 0.0, "percent_covered_display": "0", "missing_lines": 7, "excluded_lines": 0}, "missing_lines": [57, 60, 70, 71, 81, 89, 90], "excluded_lines": []}, "TradingVisualizer.plot_trading_signals": {"executed_lines": [], "summary": {"covered_lines": 0, "num_statements": 6, "percent_covered": 0.0, "percent_covered_display": "0", "missing_lines": 6, "excluded_lines": 0}, "missing_lines": [106, 114, 125, 136, 143, 144], "excluded_lines": []}, "TradingVisualizer.plot_attention_weights": {"executed_lines": [], "summary": {"covered_lines": 0, "num_statements": 8, "percent_covered": 0.0, "percent_covered_display": "0", "missing_lines": 8, "excluded_lines": 0}, "missing_lines": [160, 163, 171, 172, 173, 176, 177, 182], "excluded_lines": []}, "TradingVisualizer.create_performance_dashboard": {"executed_lines": [], "summary": {"covered_lines": 0, "num_statements": 12, "percent_covered": 0.0, "percent_covered_display": "0", "missing_lines": 12, "excluded_lines": 0}, "missing_lines": [200, 218, 228, 238, 248, 251, 261, 262, 273, 292, 299, 300], "excluded_lines": []}, "TradingVisualizer.plot_risk_metrics": {"executed_lines": [], "summary": {"covered_lines": 0, "num_statements": 12, "percent_covered": 0.0, "percent_covered_display": "0", "missing_lines": 12, "excluded_lines": 0}, "missing_lines": [316, 327, 337, 338, 339, 347, 348, 358, 359, 369, 377, 378], "excluded_lines": []}, "": {"executed_lines": [], "summary": {"covered_lines": 0, "num_statements": 27, "percent_covered": 0.0, "percent_covered_display": "0", "missing_lines": 27, "excluded_lines": 0}, "missing_lines": [1, 2, 3, 4, 5, 6, 7, 8, 9, 10, 12, 17, 43, 92, 146, 184, 302, 380, 382, 385, 386, 390, 391, 397, 398, 399, 410], "excluded_lines": []}}, "classes": {"TradingVisualizer": {"executed_lines": [], "summary": {"covered_lines": 0, "num_statements": 52, "percent_covered": 0.0, "percent_covered_display": "0", "missing_lines": 52, "excluded_lines": 0}, "missing_lines": [29, 30, 33, 36, 37, 40, 41, 57, 60, 70, 71, 81, 89, 90, 106, 114, 125, 136, 143, 144, 160, 163, 171, 172, 173, 176, 177, 182, 200, 218, 228, 238, 248, 251, 261, 262, 273, 292, 299, 300, 316, 327, 337, 338, 339, 347, 348, 358, 359, 369, 377, 378], "excluded_lines": []}, "": {"executed_lines": [], "summary": {"covered_lines": 0, "num_statements": 27, "percent_covered": 0.0, "percent_covered_display": "0", "missing_lines": 27, "excluded_lines": 0}, "missing_lines": [1, 2, 3, 4, 5, 6, 7, 8, 9, 10, 12, 17, 43, 92, 146, 184, 302, 380, 382, 385, 386, 390, 391, 397, 398, 399, 410], "excluded_lines": []}}}}, "totals": {"covered_lines": 284, "num_statements": 3049, "percent_covered": 9.31452935388652, "percent_covered_display": "9", "missing_lines": 2765, "excluded_lines": 0}}